11:12:03:024  INFO 35684 --- [main] com.hmall.pay.PayApplication             : Starting PayApplication using Java 11 on ASUS2023 with PID 35684 (D:\computer technology\code\Project-me\hm-mall project\hmall\pay-service\target\classes started by ChenYangkun in D:\computer technology\code\Project-me\hm-mall project\hmall)
11:12:03:030 DEBUG 35684 --- [main] com.hmall.pay.PayApplication             : Running with Spring Boot v2.7.12, Spring v5.3.27
11:12:03:030  INFO 35684 --- [main] com.hmall.pay.PayApplication             : The following 1 profile is active: "local"
11:12:03:846  INFO 35684 --- [main] .s.d.r.c.RepositoryConfigurationDelegate : Multiple Spring Data modules found, entering strict repository configuration mode
11:12:03:849  INFO 35684 --- [main] .s.d.r.c.RepositoryConfigurationDelegate : Bootstrapping Spring Data Redis repositories in DEFAULT mode.
11:12:03:883  INFO 35684 --- [main] .s.d.r.c.RepositoryConfigurationDelegate : Finished Spring Data repository scanning in 11 ms. Found 0 Redis repository interfaces.
11:12:04:127  INFO 35684 --- [main] o.s.cloud.context.scope.GenericScope     : BeanFactory id=2a1794a9-1847-343e-8d99-bfb6a2011034
11:12:04:425  INFO 35684 --- [main] o.s.b.w.embedded.tomcat.TomcatWebServer  : Tomcat initialized with port(s): 8086 (http)
11:12:04:432  INFO 35684 --- [main] o.apache.catalina.core.StandardService   : Starting service [Tomcat]
11:12:04:432  INFO 35684 --- [main] org.apache.catalina.core.StandardEngine  : Starting Servlet engine: [Apache Tomcat/9.0.75]
11:12:04:563  INFO 35684 --- [main] o.a.c.c.C.[Tomcat].[localhost].[/]       : Initializing Spring embedded WebApplicationContext
11:12:04:563  INFO 35684 --- [main] w.s.c.ServletWebServerApplicationContext : Root WebApplicationContext: initialization completed in 1487 ms
11:12:04:737  INFO 35684 --- [main] o.s.c.openfeign.FeignClientFactoryBean   : For 'pay-service' URL not provided. Will try picking an instance via load-balancing.
11:12:04:783  INFO 35684 --- [main] o.s.c.openfeign.FeignClientFactoryBean   : For 'trade-service' URL not provided. Will try picking an instance via load-balancing.
11:12:08:187  INFO 35684 --- [main] pertySourcedRequestMappingHandlerMapping : Mapped URL path [/v2/api-docs] onto method [springfox.documentation.swagger2.web.Swagger2ControllerWebMvc#getDocumentation(String, HttpServletRequest)]
11:12:09:479  INFO 35684 --- [main] com.alibaba.nacos.common.remote.client   : [RpcClientFactory] create a new rpc client of fb5d2c28-a05d-4bc0-81ed-dd4b0ec6b4d3
11:12:09:531  INFO 35684 --- [main] org.reflections.Reflections              : Reflections took 28 ms to scan 1 urls, producing 3 keys and 6 values 
11:12:09:556  INFO 35684 --- [main] org.reflections.Reflections              : Reflections took 8 ms to scan 1 urls, producing 4 keys and 9 values 
11:12:09:566  INFO 35684 --- [main] org.reflections.Reflections              : Reflections took 7 ms to scan 1 urls, producing 3 keys and 10 values 
11:12:09:571  WARN 35684 --- [main] org.reflections.Reflections              : given scan urls are empty. set urls in the configuration
11:12:09:579  INFO 35684 --- [main] org.reflections.Reflections              : Reflections took 7 ms to scan 1 urls, producing 1 keys and 5 values 
11:12:09:593  INFO 35684 --- [main] org.reflections.Reflections              : Reflections took 10 ms to scan 1 urls, producing 1 keys and 7 values 
11:12:09:603  INFO 35684 --- [main] org.reflections.Reflections              : Reflections took 7 ms to scan 1 urls, producing 2 keys and 8 values 
11:12:09:605  WARN 35684 --- [main] org.reflections.Reflections              : given scan urls are empty. set urls in the configuration
11:12:09:607  INFO 35684 --- [main] com.alibaba.nacos.common.remote.client   : [fb5d2c28-a05d-4bc0-81ed-dd4b0ec6b4d3] RpcClient init label, labels = {module=naming, source=sdk}
11:12:09:609  INFO 35684 --- [main] com.alibaba.nacos.common.remote.client   : [fb5d2c28-a05d-4bc0-81ed-dd4b0ec6b4d3] RpcClient init, ServerListFactory = com.alibaba.nacos.client.naming.core.ServerListManager
11:12:09:610  INFO 35684 --- [main] com.alibaba.nacos.common.remote.client   : [fb5d2c28-a05d-4bc0-81ed-dd4b0ec6b4d3] Registry connection listener to current client:com.alibaba.nacos.client.naming.remote.gprc.redo.NamingGrpcRedoService
11:12:09:610  INFO 35684 --- [main] com.alibaba.nacos.common.remote.client   : [fb5d2c28-a05d-4bc0-81ed-dd4b0ec6b4d3] Register server push request handler:com.alibaba.nacos.client.naming.remote.gprc.NamingPushRequestHandler
11:12:09:612  INFO 35684 --- [main] com.alibaba.nacos.common.remote.client   : [fb5d2c28-a05d-4bc0-81ed-dd4b0ec6b4d3] Try to connect to server on start up, server: {serverIp = '192.168.154.129', server main port = 8848}
11:12:13:962  INFO 35684 --- [main] com.alibaba.nacos.common.remote.client   : [fb5d2c28-a05d-4bc0-81ed-dd4b0ec6b4d3] Success to connect to server [192.168.154.129:8848] on start up, connectionId = 1746846734758_192.168.154.1_64038
11:12:13:963  INFO 35684 --- [com.alibaba.nacos.client.remote.worker] com.alibaba.nacos.common.remote.client   : [fb5d2c28-a05d-4bc0-81ed-dd4b0ec6b4d3] Notify connected event to listeners.
11:12:13:964  INFO 35684 --- [main] com.alibaba.nacos.common.remote.client   : [fb5d2c28-a05d-4bc0-81ed-dd4b0ec6b4d3] Register server push request handler:com.alibaba.nacos.common.remote.client.RpcClient$ConnectResetRequestHandler
11:12:13:964  INFO 35684 --- [main] com.alibaba.nacos.common.remote.client   : [fb5d2c28-a05d-4bc0-81ed-dd4b0ec6b4d3] Register server push request handler:com.alibaba.nacos.common.remote.client.RpcClient$$Lambda$1113/0x00000008007b9c40
11:12:14:023  INFO 35684 --- [main] o.s.b.w.embedded.tomcat.TomcatWebServer  : Tomcat started on port(s): 8086 (http) with context path ''
11:12:14:132  INFO 35684 --- [main] c.a.c.n.registry.NacosServiceRegistry    : nacos registry, DEFAULT_GROUP pay-service 10.15.33.14:8086 register finished
11:12:14:612  INFO 35684 --- [nacos-grpc-client-executor-9] com.alibaba.nacos.common.remote.client   : [fb5d2c28-a05d-4bc0-81ed-dd4b0ec6b4d3] Receive server push request, request = NotifySubscriberRequest, requestId = 3
11:12:14:616  INFO 35684 --- [nacos-grpc-client-executor-9] com.alibaba.nacos.common.remote.client   : [fb5d2c28-a05d-4bc0-81ed-dd4b0ec6b4d3] Ack server push request, request = NotifySubscriberRequest, requestId = 3
11:12:15:917  INFO 35684 --- [main] d.s.w.p.DocumentationPluginsBootstrapper : Documentation plugins bootstrapped
11:12:15:920  INFO 35684 --- [main] d.s.w.p.DocumentationPluginsBootstrapper : Found 1 custom documentation plugin(s)
11:12:15:938  INFO 35684 --- [main] s.d.s.w.s.ApiListingReferenceScanner     : Scanning for api listing references
11:12:16:009  INFO 35684 --- [main] com.hmall.pay.PayApplication             : Started PayApplication in 14.107 seconds (JVM running for 14.982)
11:23:28:829  WARN 35684 --- [Thread-4] c.a.nacos.common.notify.NotifyCenter     : [NotifyCenter] Start destroying Publisher
11:23:28:829  WARN 35684 --- [Thread-7] c.a.n.common.http.HttpClientBeanHolder   : [HttpClientBeanHolder] Start destroying common HttpClient
11:23:28:831  WARN 35684 --- [Thread-4] c.a.nacos.common.notify.NotifyCenter     : [NotifyCenter] Destruction of the end
11:23:28:832  WARN 35684 --- [Thread-7] c.a.n.common.http.HttpClientBeanHolder   : [HttpClientBeanHolder] Destruction of the end
11:23:29:783  INFO 35684 --- [SpringApplicationShutdownHook] c.a.c.n.registry.NacosServiceRegistry    : De-registering from Nacos Server now...
11:23:29:788  INFO 35684 --- [SpringApplicationShutdownHook] c.a.c.n.registry.NacosServiceRegistry    : De-registration finished.
11:23:30:117  INFO 35684 --- [SpringApplicationShutdownHook] com.alibaba.nacos.common.remote.client   : Shutdown rpc client, set status to shutdown
11:23:30:118  INFO 35684 --- [SpringApplicationShutdownHook] com.alibaba.nacos.common.remote.client   : Shutdown client event executor java.util.concurrent.ScheduledThreadPoolExecutor@1e4fbac9[Running, pool size = 2, active threads = 2, queued tasks = 0, completed tasks = 0]
11:23:30:118  INFO 35684 --- [SpringApplicationShutdownHook] com.alibaba.nacos.common.remote.client   : Close current connection 1746846734758_192.168.154.1_64038
11:23:30:120  INFO 35684 --- [nacos-grpc-client-executor-169] c.a.n.c.remote.client.grpc.GrpcClient    : [1746846734758_192.168.154.1_64038]Ignore complete event,isRunning:false,isAbandon=false
11:23:30:125  INFO 35684 --- [SpringApplicationShutdownHook] c.a.n.c.remote.client.grpc.GrpcClient    : Shutdown grpc executor java.util.concurrent.ThreadPoolExecutor@7de2a64c[Running, pool size = 6, active threads = 0, queued tasks = 0, completed tasks = 170]
11:35:33:039  INFO 5584 --- [main] com.hmall.pay.PayApplication             : Starting PayApplication using Java 11 on ASUS2023 with PID 5584 (D:\computer technology\code\Project-me\hm-mall project\hmall\pay-service\target\classes started by ChenYangkun in D:\computer technology\code\Project-me\hm-mall project\hmall)
11:35:33:041 DEBUG 5584 --- [main] com.hmall.pay.PayApplication             : Running with Spring Boot v2.7.12, Spring v5.3.27
11:35:33:041  INFO 5584 --- [main] com.hmall.pay.PayApplication             : The following 1 profile is active: "local"
11:35:33:840  INFO 5584 --- [main] .s.d.r.c.RepositoryConfigurationDelegate : Multiple Spring Data modules found, entering strict repository configuration mode
11:35:33:842  INFO 5584 --- [main] .s.d.r.c.RepositoryConfigurationDelegate : Bootstrapping Spring Data Redis repositories in DEFAULT mode.
11:35:33:878  INFO 5584 --- [main] .s.d.r.c.RepositoryConfigurationDelegate : Finished Spring Data repository scanning in 14 ms. Found 0 Redis repository interfaces.
11:35:34:165  INFO 5584 --- [main] o.s.cloud.context.scope.GenericScope     : BeanFactory id=2a1794a9-1847-343e-8d99-bfb6a2011034
11:35:34:484  INFO 5584 --- [main] o.s.b.w.embedded.tomcat.TomcatWebServer  : Tomcat initialized with port(s): 8086 (http)
11:35:34:492  INFO 5584 --- [main] o.apache.catalina.core.StandardService   : Starting service [Tomcat]
11:35:34:492  INFO 5584 --- [main] org.apache.catalina.core.StandardEngine  : Starting Servlet engine: [Apache Tomcat/9.0.75]
11:35:34:626  INFO 5584 --- [main] o.a.c.c.C.[Tomcat].[localhost].[/]       : Initializing Spring embedded WebApplicationContext
11:35:34:626  INFO 5584 --- [main] w.s.c.ServletWebServerApplicationContext : Root WebApplicationContext: initialization completed in 1550 ms
11:35:34:812  INFO 5584 --- [main] o.s.c.openfeign.FeignClientFactoryBean   : For 'pay-service' URL not provided. Will try picking an instance via load-balancing.
11:35:34:864  INFO 5584 --- [main] o.s.c.openfeign.FeignClientFactoryBean   : For 'trade-service' URL not provided. Will try picking an instance via load-balancing.
11:35:37:855  INFO 5584 --- [main] pertySourcedRequestMappingHandlerMapping : Mapped URL path [/v2/api-docs] onto method [springfox.documentation.swagger2.web.Swagger2ControllerWebMvc#getDocumentation(String, HttpServletRequest)]
11:35:38:870  INFO 5584 --- [main] com.alibaba.nacos.common.remote.client   : [RpcClientFactory] create a new rpc client of d6e2ae41-9d69-407b-902c-84af63fd67fc
11:35:38:900  INFO 5584 --- [main] org.reflections.Reflections              : Reflections took 16 ms to scan 1 urls, producing 3 keys and 6 values 
11:35:38:916  INFO 5584 --- [main] org.reflections.Reflections              : Reflections took 6 ms to scan 1 urls, producing 4 keys and 9 values 
11:35:38:922  INFO 5584 --- [main] org.reflections.Reflections              : Reflections took 4 ms to scan 1 urls, producing 3 keys and 10 values 
11:35:38:924  WARN 5584 --- [main] org.reflections.Reflections              : given scan urls are empty. set urls in the configuration
11:35:38:929  INFO 5584 --- [main] org.reflections.Reflections              : Reflections took 4 ms to scan 1 urls, producing 1 keys and 5 values 
11:35:38:935  INFO 5584 --- [main] org.reflections.Reflections              : Reflections took 4 ms to scan 1 urls, producing 1 keys and 7 values 
11:35:38:941  INFO 5584 --- [main] org.reflections.Reflections              : Reflections took 4 ms to scan 1 urls, producing 2 keys and 8 values 
11:35:38:944  WARN 5584 --- [main] org.reflections.Reflections              : given scan urls are empty. set urls in the configuration
11:35:38:945  INFO 5584 --- [main] com.alibaba.nacos.common.remote.client   : [d6e2ae41-9d69-407b-902c-84af63fd67fc] RpcClient init label, labels = {module=naming, source=sdk}
11:35:38:946  INFO 5584 --- [main] com.alibaba.nacos.common.remote.client   : [d6e2ae41-9d69-407b-902c-84af63fd67fc] RpcClient init, ServerListFactory = com.alibaba.nacos.client.naming.core.ServerListManager
11:35:38:947  INFO 5584 --- [main] com.alibaba.nacos.common.remote.client   : [d6e2ae41-9d69-407b-902c-84af63fd67fc] Registry connection listener to current client:com.alibaba.nacos.client.naming.remote.gprc.redo.NamingGrpcRedoService
11:35:38:947  INFO 5584 --- [main] com.alibaba.nacos.common.remote.client   : [d6e2ae41-9d69-407b-902c-84af63fd67fc] Register server push request handler:com.alibaba.nacos.client.naming.remote.gprc.NamingPushRequestHandler
11:35:38:948  INFO 5584 --- [main] com.alibaba.nacos.common.remote.client   : [d6e2ae41-9d69-407b-902c-84af63fd67fc] Try to connect to server on start up, server: {serverIp = '192.168.154.129', server main port = 8848}
11:35:41:164  INFO 5584 --- [main] com.alibaba.nacos.common.remote.client   : [d6e2ae41-9d69-407b-902c-84af63fd67fc] Success to connect to server [192.168.154.129:8848] on start up, connectionId = 1746848142232_192.168.154.1_57193
11:35:41:165  INFO 5584 --- [com.alibaba.nacos.client.remote.worker] com.alibaba.nacos.common.remote.client   : [d6e2ae41-9d69-407b-902c-84af63fd67fc] Notify connected event to listeners.
11:35:41:166  INFO 5584 --- [main] com.alibaba.nacos.common.remote.client   : [d6e2ae41-9d69-407b-902c-84af63fd67fc] Register server push request handler:com.alibaba.nacos.common.remote.client.RpcClient$ConnectResetRequestHandler
11:35:41:167  INFO 5584 --- [main] com.alibaba.nacos.common.remote.client   : [d6e2ae41-9d69-407b-902c-84af63fd67fc] Register server push request handler:com.alibaba.nacos.common.remote.client.RpcClient$$Lambda$1113/0x00000008007c2c40
11:35:41:261  INFO 5584 --- [main] o.s.b.w.embedded.tomcat.TomcatWebServer  : Tomcat started on port(s): 8086 (http) with context path ''
11:35:41:364  INFO 5584 --- [main] c.a.c.n.registry.NacosServiceRegistry    : nacos registry, DEFAULT_GROUP pay-service 172.20.10.3:8086 register finished
11:35:41:735  INFO 5584 --- [nacos-grpc-client-executor-10] com.alibaba.nacos.common.remote.client   : [d6e2ae41-9d69-407b-902c-84af63fd67fc] Receive server push request, request = NotifySubscriberRequest, requestId = 13
11:35:41:737  INFO 5584 --- [nacos-grpc-client-executor-10] com.alibaba.nacos.common.remote.client   : [d6e2ae41-9d69-407b-902c-84af63fd67fc] Ack server push request, request = NotifySubscriberRequest, requestId = 13
11:35:42:025  INFO 5584 --- [main] d.s.w.p.DocumentationPluginsBootstrapper : Documentation plugins bootstrapped
11:35:42:027  INFO 5584 --- [main] d.s.w.p.DocumentationPluginsBootstrapper : Found 1 custom documentation plugin(s)
11:35:42:046  INFO 5584 --- [main] s.d.s.w.s.ApiListingReferenceScanner     : Scanning for api listing references
11:35:42:117  INFO 5584 --- [main] com.hmall.pay.PayApplication             : Started PayApplication in 10.195 seconds (JVM running for 11.144)
12:41:17:708  INFO 5584 --- [com.alibaba.nacos.client.remote.worker] com.alibaba.nacos.common.remote.client   : [d6e2ae41-9d69-407b-902c-84af63fd67fc] Server healthy check fail, currentConnection = 1746848142232_192.168.154.1_57193
12:41:17:715  INFO 5584 --- [com.alibaba.nacos.client.remote.worker] com.alibaba.nacos.common.remote.client   : [d6e2ae41-9d69-407b-902c-84af63fd67fc] Try to reconnect to a new server, server is  not appointed, will choose a random server.
12:41:18:746  INFO 5584 --- [com.alibaba.nacos.client.remote.worker] com.alibaba.nacos.common.remote.client   : [d6e2ae41-9d69-407b-902c-84af63fd67fc] Success to connect a server [192.168.154.129:8848], connectionId = 1746852079847_192.168.154.1_61100
12:41:18:747  INFO 5584 --- [com.alibaba.nacos.client.remote.worker] com.alibaba.nacos.common.remote.client   : [d6e2ae41-9d69-407b-902c-84af63fd67fc] Abandon prev connection, server is 192.168.154.129:8848, connectionId is 1746848142232_192.168.154.1_57193
12:41:18:747  INFO 5584 --- [com.alibaba.nacos.client.remote.worker] com.alibaba.nacos.common.remote.client   : Close current connection 1746848142232_192.168.154.1_57193
12:41:18:758  INFO 5584 --- [com.alibaba.nacos.client.remote.worker] com.alibaba.nacos.common.remote.client   : [d6e2ae41-9d69-407b-902c-84af63fd67fc] Notify disconnected event to listeners
12:41:18:764  WARN 5584 --- [nacos-grpc-client-executor-891] c.a.n.c.remote.client.grpc.GrpcClient    : [1746848142232_192.168.154.1_57193]Ignore error event,isRunning:true,isAbandon=true
12:41:18:764  INFO 5584 --- [com.alibaba.nacos.client.remote.worker] com.alibaba.nacos.common.remote.client   : [d6e2ae41-9d69-407b-902c-84af63fd67fc] Notify connected event to listeners.
12:41:19:541  INFO 5584 --- [nacos-grpc-client-executor-894] com.alibaba.nacos.common.remote.client   : [d6e2ae41-9d69-407b-902c-84af63fd67fc] Receive server push request, request = NotifySubscriberRequest, requestId = 36
12:41:19:542  INFO 5584 --- [nacos-grpc-client-executor-894] com.alibaba.nacos.common.remote.client   : [d6e2ae41-9d69-407b-902c-84af63fd67fc] Ack server push request, request = NotifySubscriberRequest, requestId = 36
14:15:52:811  WARN 5584 --- [Thread-4] c.a.nacos.common.notify.NotifyCenter     : [NotifyCenter] Start destroying Publisher
14:15:52:811  WARN 5584 --- [Thread-7] c.a.n.common.http.HttpClientBeanHolder   : [HttpClientBeanHolder] Start destroying common HttpClient
14:15:52:811  WARN 5584 --- [Thread-4] c.a.nacos.common.notify.NotifyCenter     : [NotifyCenter] Destruction of the end
14:15:52:812  WARN 5584 --- [Thread-7] c.a.n.common.http.HttpClientBeanHolder   : [HttpClientBeanHolder] Destruction of the end
14:15:53:677  INFO 5584 --- [SpringApplicationShutdownHook] c.a.c.n.registry.NacosServiceRegistry    : De-registering from Nacos Server now...
14:15:53:683  INFO 5584 --- [SpringApplicationShutdownHook] c.a.c.n.registry.NacosServiceRegistry    : De-registration finished.
14:15:54:011  INFO 5584 --- [SpringApplicationShutdownHook] com.alibaba.nacos.common.remote.client   : Shutdown rpc client, set status to shutdown
14:15:54:012  INFO 5584 --- [SpringApplicationShutdownHook] com.alibaba.nacos.common.remote.client   : Shutdown client event executor java.util.concurrent.ScheduledThreadPoolExecutor@684b00af[Running, pool size = 2, active threads = 2, queued tasks = 0, completed tasks = 0]
14:15:54:012  INFO 5584 --- [SpringApplicationShutdownHook] com.alibaba.nacos.common.remote.client   : Close current connection 1746852079847_192.168.154.1_61100
14:15:54:013  INFO 5584 --- [SpringApplicationShutdownHook] c.a.n.c.remote.client.grpc.GrpcClient    : Shutdown grpc executor java.util.concurrent.ThreadPoolExecutor@1c1ef1a0[Running, pool size = 5, active threads = 0, queued tasks = 0, completed tasks = 2104]
14:16:16:395  INFO 38112 --- [main] com.hmall.pay.PayApplication             : Starting PayApplication using Java 11 on ASUS2023 with PID 38112 (D:\computer technology\code\Project-me\hm-mall project\hmall\pay-service\target\classes started by ChenYangkun in D:\computer technology\code\Project-me\hm-mall project\hmall)
14:16:16:397 DEBUG 38112 --- [main] com.hmall.pay.PayApplication             : Running with Spring Boot v2.7.12, Spring v5.3.27
14:16:16:398  INFO 38112 --- [main] com.hmall.pay.PayApplication             : The following 1 profile is active: "local"
14:16:17:159  INFO 38112 --- [main] .s.d.r.c.RepositoryConfigurationDelegate : Multiple Spring Data modules found, entering strict repository configuration mode
14:16:17:162  INFO 38112 --- [main] .s.d.r.c.RepositoryConfigurationDelegate : Bootstrapping Spring Data Redis repositories in DEFAULT mode.
14:16:17:196  INFO 38112 --- [main] .s.d.r.c.RepositoryConfigurationDelegate : Finished Spring Data repository scanning in 13 ms. Found 0 Redis repository interfaces.
14:16:17:423  INFO 38112 --- [main] o.s.cloud.context.scope.GenericScope     : BeanFactory id=2a1794a9-1847-343e-8d99-bfb6a2011034
14:16:17:744  INFO 38112 --- [main] o.s.b.w.embedded.tomcat.TomcatWebServer  : Tomcat initialized with port(s): 8086 (http)
14:16:17:752  INFO 38112 --- [main] o.apache.catalina.core.StandardService   : Starting service [Tomcat]
14:16:17:752  INFO 38112 --- [main] org.apache.catalina.core.StandardEngine  : Starting Servlet engine: [Apache Tomcat/9.0.75]
14:16:17:884  INFO 38112 --- [main] o.a.c.c.C.[Tomcat].[localhost].[/]       : Initializing Spring embedded WebApplicationContext
14:16:17:884  INFO 38112 --- [main] w.s.c.ServletWebServerApplicationContext : Root WebApplicationContext: initialization completed in 1443 ms
14:16:18:034  INFO 38112 --- [main] o.s.c.openfeign.FeignClientFactoryBean   : For 'pay-service' URL not provided. Will try picking an instance via load-balancing.
14:16:18:073  INFO 38112 --- [main] o.s.c.openfeign.FeignClientFactoryBean   : For 'trade-service' URL not provided. Will try picking an instance via load-balancing.
14:16:21:139  INFO 38112 --- [main] pertySourcedRequestMappingHandlerMapping : Mapped URL path [/v2/api-docs] onto method [springfox.documentation.swagger2.web.Swagger2ControllerWebMvc#getDocumentation(String, HttpServletRequest)]
14:16:22:662  INFO 38112 --- [main] com.alibaba.nacos.common.remote.client   : [RpcClientFactory] create a new rpc client of fb44ac13-4630-4bcb-9d40-89dd5c6d6e2e
14:16:22:713  INFO 38112 --- [main] org.reflections.Reflections              : Reflections took 24 ms to scan 1 urls, producing 3 keys and 6 values 
14:16:22:737  INFO 38112 --- [main] org.reflections.Reflections              : Reflections took 8 ms to scan 1 urls, producing 4 keys and 9 values 
14:16:22:747  INFO 38112 --- [main] org.reflections.Reflections              : Reflections took 8 ms to scan 1 urls, producing 3 keys and 10 values 
14:16:22:751  WARN 38112 --- [main] org.reflections.Reflections              : given scan urls are empty. set urls in the configuration
14:16:22:759  INFO 38112 --- [main] org.reflections.Reflections              : Reflections took 7 ms to scan 1 urls, producing 1 keys and 5 values 
14:16:22:772  INFO 38112 --- [main] org.reflections.Reflections              : Reflections took 11 ms to scan 1 urls, producing 1 keys and 7 values 
14:16:22:781  INFO 38112 --- [main] org.reflections.Reflections              : Reflections took 6 ms to scan 1 urls, producing 2 keys and 8 values 
14:16:22:783  WARN 38112 --- [main] org.reflections.Reflections              : given scan urls are empty. set urls in the configuration
14:16:22:784  INFO 38112 --- [main] com.alibaba.nacos.common.remote.client   : [fb44ac13-4630-4bcb-9d40-89dd5c6d6e2e] RpcClient init label, labels = {module=naming, source=sdk}
14:16:22:786  INFO 38112 --- [main] com.alibaba.nacos.common.remote.client   : [fb44ac13-4630-4bcb-9d40-89dd5c6d6e2e] RpcClient init, ServerListFactory = com.alibaba.nacos.client.naming.core.ServerListManager
14:16:22:786  INFO 38112 --- [main] com.alibaba.nacos.common.remote.client   : [fb44ac13-4630-4bcb-9d40-89dd5c6d6e2e] Registry connection listener to current client:com.alibaba.nacos.client.naming.remote.gprc.redo.NamingGrpcRedoService
14:16:22:786  INFO 38112 --- [main] com.alibaba.nacos.common.remote.client   : [fb44ac13-4630-4bcb-9d40-89dd5c6d6e2e] Register server push request handler:com.alibaba.nacos.client.naming.remote.gprc.NamingPushRequestHandler
14:16:22:787  INFO 38112 --- [main] com.alibaba.nacos.common.remote.client   : [fb44ac13-4630-4bcb-9d40-89dd5c6d6e2e] Try to connect to server on start up, server: {serverIp = '192.168.154.129', server main port = 8848}
14:16:27:270 ERROR 38112 --- [main] c.a.n.c.remote.client.grpc.GrpcClient    : Server check fail, please check server 192.168.154.129 ,port 9848 is available , error ={}

java.util.concurrent.TimeoutException: Waited 3000 milliseconds (plus 14 milliseconds, 635300 nanoseconds delay) for com.alibaba.nacos.shaded.io.grpc.stub.ClientCalls$GrpcFuture@672f69f7[status=PENDING, info=[GrpcFuture{clientCall={delegate={delegate=ClientCallImpl{method=MethodDescriptor{fullMethodName=Request/request, type=UNARY, idempotent=false, safe=false, sampledToLocalTracing=true, requestMarshaller=com.alibaba.nacos.shaded.io.grpc.protobuf.lite.ProtoLiteUtils$MessageMarshaller@64c37088, responseMarshaller=com.alibaba.nacos.shaded.io.grpc.protobuf.lite.ProtoLiteUtils$MessageMarshaller@524c3e54, schemaDescriptor=com.alibaba.nacos.api.grpc.auto.RequestGrpc$RequestMethodDescriptorSupplier@1d7d968c}}}}}]]
	at com.alibaba.nacos.shaded.com.google.common.util.concurrent.AbstractFuture.get(AbstractFuture.java:508) ~[nacos-client-2.0.4.jar:na]
	at com.alibaba.nacos.common.remote.client.grpc.GrpcClient.serverCheck(GrpcClient.java:148) ~[nacos-client-2.0.4.jar:na]
	at com.alibaba.nacos.common.remote.client.grpc.GrpcClient.connectToServer(GrpcClient.java:264) ~[nacos-client-2.0.4.jar:na]
	at com.alibaba.nacos.common.remote.client.RpcClient.start(RpcClient.java:390) ~[nacos-client-2.0.4.jar:na]
	at com.alibaba.nacos.client.naming.remote.gprc.NamingGrpcClientProxy.start(NamingGrpcClientProxy.java:96) ~[nacos-client-2.0.4.jar:na]
	at com.alibaba.nacos.client.naming.remote.gprc.NamingGrpcClientProxy.<init>(NamingGrpcClientProxy.java:89) ~[nacos-client-2.0.4.jar:na]
	at com.alibaba.nacos.client.naming.remote.NamingClientProxyDelegate.<init>(NamingClientProxyDelegate.java:76) ~[nacos-client-2.0.4.jar:na]
	at com.alibaba.nacos.client.naming.NacosNamingService.init(NacosNamingService.java:95) ~[nacos-client-2.0.4.jar:na]
	at com.alibaba.nacos.client.naming.NacosNamingService.<init>(NacosNamingService.java:81) ~[nacos-client-2.0.4.jar:na]
	at java.base/jdk.internal.reflect.NativeConstructorAccessorImpl.newInstance0(Native Method) ~[na:na]
	at java.base/jdk.internal.reflect.NativeConstructorAccessorImpl.newInstance(NativeConstructorAccessorImpl.java:62) ~[na:na]
	at java.base/jdk.internal.reflect.DelegatingConstructorAccessorImpl.newInstance(DelegatingConstructorAccessorImpl.java:45) ~[na:na]
	at java.base/java.lang.reflect.Constructor.newInstance(Constructor.java:490) ~[na:na]
	at com.alibaba.nacos.api.naming.NamingFactory.createNamingService(NamingFactory.java:59) ~[nacos-client-2.0.4.jar:na]
	at com.alibaba.nacos.api.NacosFactory.createNamingService(NacosFactory.java:77) ~[nacos-client-2.0.4.jar:na]
	at com.alibaba.cloud.nacos.NacosServiceManager.createNewNamingService(NacosServiceManager.java:99) ~[spring-cloud-starter-alibaba-nacos-discovery-2021.0.4.0.jar:2021.0.4.0]
	at com.alibaba.cloud.nacos.NacosServiceManager.buildNamingService(NacosServiceManager.java:90) ~[spring-cloud-starter-alibaba-nacos-discovery-2021.0.4.0.jar:2021.0.4.0]
	at com.alibaba.cloud.nacos.NacosServiceManager.getNamingService(NacosServiceManager.java:46) ~[spring-cloud-starter-alibaba-nacos-discovery-2021.0.4.0.jar:2021.0.4.0]
	at com.alibaba.cloud.nacos.discovery.NacosWatch.start(NacosWatch.java:130) ~[spring-cloud-starter-alibaba-nacos-discovery-2021.0.4.0.jar:2021.0.4.0]
	at org.springframework.context.support.DefaultLifecycleProcessor.doStart(DefaultLifecycleProcessor.java:178) ~[spring-context-5.3.27.jar:5.3.27]
	at org.springframework.context.support.DefaultLifecycleProcessor.access$200(DefaultLifecycleProcessor.java:54) ~[spring-context-5.3.27.jar:5.3.27]
	at org.springframework.context.support.DefaultLifecycleProcessor$LifecycleGroup.start(DefaultLifecycleProcessor.java:356) ~[spring-context-5.3.27.jar:5.3.27]
	at java.base/java.lang.Iterable.forEach(Iterable.java:75) ~[na:na]
	at org.springframework.context.support.DefaultLifecycleProcessor.startBeans(DefaultLifecycleProcessor.java:155) ~[spring-context-5.3.27.jar:5.3.27]
	at org.springframework.context.support.DefaultLifecycleProcessor.onRefresh(DefaultLifecycleProcessor.java:123) ~[spring-context-5.3.27.jar:5.3.27]
	at org.springframework.context.support.AbstractApplicationContext.finishRefresh(AbstractApplicationContext.java:937) ~[spring-context-5.3.27.jar:5.3.27]
	at org.springframework.context.support.AbstractApplicationContext.refresh(AbstractApplicationContext.java:586) ~[spring-context-5.3.27.jar:5.3.27]
	at org.springframework.boot.web.servlet.context.ServletWebServerApplicationContext.refresh(ServletWebServerApplicationContext.java:147) ~[spring-boot-2.7.12.jar:2.7.12]
	at org.springframework.boot.SpringApplication.refresh(SpringApplication.java:731) ~[spring-boot-2.7.12.jar:2.7.12]
	at org.springframework.boot.SpringApplication.refreshContext(SpringApplication.java:408) ~[spring-boot-2.7.12.jar:2.7.12]
	at org.springframework.boot.SpringApplication.run(SpringApplication.java:307) ~[spring-boot-2.7.12.jar:2.7.12]
	at org.springframework.boot.SpringApplication.run(SpringApplication.java:1303) ~[spring-boot-2.7.12.jar:2.7.12]
	at org.springframework.boot.SpringApplication.run(SpringApplication.java:1292) ~[spring-boot-2.7.12.jar:2.7.12]
	at com.hmall.pay.PayApplication.main(PayApplication.java:16) ~[classes/:na]

14:16:27:272  INFO 38112 --- [main] com.alibaba.nacos.common.remote.client   : [fb44ac13-4630-4bcb-9d40-89dd5c6d6e2e] Try to connect to server on start up, server: {serverIp = '192.168.154.129', server main port = 8848}
14:16:28:074  INFO 38112 --- [main] com.alibaba.nacos.common.remote.client   : [fb44ac13-4630-4bcb-9d40-89dd5c6d6e2e] Success to connect to server [192.168.154.129:8848] on start up, connectionId = 1746857789151_192.168.154.1_65455
14:16:28:075  INFO 38112 --- [com.alibaba.nacos.client.remote.worker] com.alibaba.nacos.common.remote.client   : [fb44ac13-4630-4bcb-9d40-89dd5c6d6e2e] Notify connected event to listeners.
14:16:28:076  INFO 38112 --- [main] com.alibaba.nacos.common.remote.client   : [fb44ac13-4630-4bcb-9d40-89dd5c6d6e2e] Register server push request handler:com.alibaba.nacos.common.remote.client.RpcClient$ConnectResetRequestHandler
14:16:28:076  INFO 38112 --- [main] com.alibaba.nacos.common.remote.client   : [fb44ac13-4630-4bcb-9d40-89dd5c6d6e2e] Register server push request handler:com.alibaba.nacos.common.remote.client.RpcClient$$Lambda$1114/0x00000008007ba040
14:16:28:146  INFO 38112 --- [main] o.s.b.w.embedded.tomcat.TomcatWebServer  : Tomcat started on port(s): 8086 (http) with context path ''
14:16:28:156  INFO 38112 --- [main] c.a.c.n.registry.NacosServiceRegistry    : nacos registry, DEFAULT_GROUP pay-service 10.15.33.14:8086 register finished
14:16:28:662  INFO 38112 --- [nacos-grpc-client-executor-9] com.alibaba.nacos.common.remote.client   : [fb44ac13-4630-4bcb-9d40-89dd5c6d6e2e] Receive server push request, request = NotifySubscriberRequest, requestId = 44
14:16:28:664  INFO 38112 --- [nacos-grpc-client-executor-9] com.alibaba.nacos.common.remote.client   : [fb44ac13-4630-4bcb-9d40-89dd5c6d6e2e] Ack server push request, request = NotifySubscriberRequest, requestId = 44
14:16:29:933  INFO 38112 --- [main] d.s.w.p.DocumentationPluginsBootstrapper : Documentation plugins bootstrapped
14:16:29:935  INFO 38112 --- [main] d.s.w.p.DocumentationPluginsBootstrapper : Found 1 custom documentation plugin(s)
14:16:29:957  INFO 38112 --- [main] s.d.s.w.s.ApiListingReferenceScanner     : Scanning for api listing references
14:16:30:026  INFO 38112 --- [main] com.hmall.pay.PayApplication             : Started PayApplication in 14.656 seconds (JVM running for 15.511)
