11:12:04:977  INFO 24952 --- [main] com.hmall.trade.TradeApplication         : Starting TradeApplication using Java 11 on ASUS2023 with PID 24952 (D:\computer technology\code\Project-me\hm-mall project\hmall\trade-service\target\classes started by ChenYangkun in D:\computer technology\code\Project-me\hm-mall project\hmall)
11:12:04:983 DEBUG 24952 --- [main] com.hmall.trade.TradeApplication         : Running with Spring Boot v2.7.12, Spring v5.3.27
11:12:04:983  INFO 24952 --- [main] com.hmall.trade.TradeApplication         : The following 1 profile is active: "local"
11:12:05:764  INFO 24952 --- [main] .s.d.r.c.RepositoryConfigurationDelegate : Multiple Spring Data modules found, entering strict repository configuration mode
11:12:05:768  INFO 24952 --- [main] .s.d.r.c.RepositoryConfigurationDelegate : Bootstrapping Spring Data Redis repositories in DEFAULT mode.
11:12:05:796  INFO 24952 --- [main] .s.d.r.c.RepositoryConfigurationDelegate : Finished Spring Data repository scanning in 8 ms. Found 0 Redis repository interfaces.
11:12:05:995  INFO 24952 --- [main] o.s.cloud.context.scope.GenericScope     : BeanFactory id=b427e384-ce4c-3c94-8e7b-3f56a3afa6c5
11:12:06:355  INFO 24952 --- [main] o.s.b.w.embedded.tomcat.TomcatWebServer  : Tomcat initialized with port(s): 8085 (http)
11:12:06:363  INFO 24952 --- [main] o.apache.catalina.core.StandardService   : Starting service [Tomcat]
11:12:06:364  INFO 24952 --- [main] org.apache.catalina.core.StandardEngine  : Starting Servlet engine: [Apache Tomcat/9.0.75]
11:12:06:525  INFO 24952 --- [main] o.a.c.c.C.[Tomcat].[localhost].[/]       : Initializing Spring embedded WebApplicationContext
11:12:06:525  INFO 24952 --- [main] w.s.c.ServletWebServerApplicationContext : Root WebApplicationContext: initialization completed in 1491 ms
11:12:08:840  INFO 24952 --- [main] o.s.c.openfeign.FeignClientFactoryBean   : For 'item-service' URL not provided. Will try picking an instance via load-balancing.
11:12:08:890  INFO 24952 --- [main] o.s.c.openfeign.FeignClientFactoryBean   : For 'cart-service' URL not provided. Will try picking an instance via load-balancing.
11:12:10:177  INFO 24952 --- [main] pertySourcedRequestMappingHandlerMapping : Mapped URL path [/v2/api-docs] onto method [springfox.documentation.swagger2.web.Swagger2ControllerWebMvc#getDocumentation(String, HttpServletRequest)]
11:12:11:935  INFO 24952 --- [main] com.alibaba.nacos.common.remote.client   : [RpcClientFactory] create a new rpc client of d6c68db5-ca5a-49b5-950d-725c88bb1b44
11:12:12:005  INFO 24952 --- [main] org.reflections.Reflections              : Reflections took 38 ms to scan 1 urls, producing 3 keys and 6 values 
11:12:12:037  INFO 24952 --- [main] org.reflections.Reflections              : Reflections took 10 ms to scan 1 urls, producing 4 keys and 9 values 
11:12:12:045  INFO 24952 --- [main] org.reflections.Reflections              : Reflections took 4 ms to scan 1 urls, producing 3 keys and 10 values 
11:12:12:048  WARN 24952 --- [main] org.reflections.Reflections              : given scan urls are empty. set urls in the configuration
11:12:12:057  INFO 24952 --- [main] org.reflections.Reflections              : Reflections took 8 ms to scan 1 urls, producing 1 keys and 5 values 
11:12:12:067  INFO 24952 --- [main] org.reflections.Reflections              : Reflections took 7 ms to scan 1 urls, producing 1 keys and 7 values 
11:12:12:078  INFO 24952 --- [main] org.reflections.Reflections              : Reflections took 7 ms to scan 1 urls, producing 2 keys and 8 values 
11:12:12:082  WARN 24952 --- [main] org.reflections.Reflections              : given scan urls are empty. set urls in the configuration
11:12:12:084  INFO 24952 --- [main] com.alibaba.nacos.common.remote.client   : [d6c68db5-ca5a-49b5-950d-725c88bb1b44] RpcClient init label, labels = {module=naming, source=sdk}
11:12:12:087  INFO 24952 --- [main] com.alibaba.nacos.common.remote.client   : [d6c68db5-ca5a-49b5-950d-725c88bb1b44] RpcClient init, ServerListFactory = com.alibaba.nacos.client.naming.core.ServerListManager
11:12:12:087  INFO 24952 --- [main] com.alibaba.nacos.common.remote.client   : [d6c68db5-ca5a-49b5-950d-725c88bb1b44] Registry connection listener to current client:com.alibaba.nacos.client.naming.remote.gprc.redo.NamingGrpcRedoService
11:12:12:088  INFO 24952 --- [main] com.alibaba.nacos.common.remote.client   : [d6c68db5-ca5a-49b5-950d-725c88bb1b44] Register server push request handler:com.alibaba.nacos.client.naming.remote.gprc.NamingPushRequestHandler
11:12:12:089  INFO 24952 --- [main] com.alibaba.nacos.common.remote.client   : [d6c68db5-ca5a-49b5-950d-725c88bb1b44] Try to connect to server on start up, server: {serverIp = '192.168.154.129', server main port = 8848}
11:12:16:652  INFO 24952 --- [main] com.alibaba.nacos.common.remote.client   : [d6c68db5-ca5a-49b5-950d-725c88bb1b44] Success to connect to server [192.168.154.129:8848] on start up, connectionId = 1746846737702_192.168.154.1_64219
11:12:16:654  INFO 24952 --- [main] com.alibaba.nacos.common.remote.client   : [d6c68db5-ca5a-49b5-950d-725c88bb1b44] Register server push request handler:com.alibaba.nacos.common.remote.client.RpcClient$ConnectResetRequestHandler
11:12:16:653  INFO 24952 --- [com.alibaba.nacos.client.remote.worker] com.alibaba.nacos.common.remote.client   : [d6c68db5-ca5a-49b5-950d-725c88bb1b44] Notify connected event to listeners.
11:12:16:655  INFO 24952 --- [main] com.alibaba.nacos.common.remote.client   : [d6c68db5-ca5a-49b5-950d-725c88bb1b44] Register server push request handler:com.alibaba.nacos.common.remote.client.RpcClient$$Lambda$1114/0x00000008008f8040
11:12:16:701  INFO 24952 --- [main] o.s.b.w.embedded.tomcat.TomcatWebServer  : Tomcat started on port(s): 8085 (http) with context path ''
11:12:16:716  INFO 24952 --- [main] c.a.c.n.registry.NacosServiceRegistry    : nacos registry, DEFAULT_GROUP trade-service 10.15.33.14:8085 register finished
11:12:17:209  INFO 24952 --- [nacos-grpc-client-executor-9] com.alibaba.nacos.common.remote.client   : [d6c68db5-ca5a-49b5-950d-725c88bb1b44] Receive server push request, request = NotifySubscriberRequest, requestId = 5
11:12:17:212  INFO 24952 --- [nacos-grpc-client-executor-9] com.alibaba.nacos.common.remote.client   : [d6c68db5-ca5a-49b5-950d-725c88bb1b44] Ack server push request, request = NotifySubscriberRequest, requestId = 5
11:12:17:905  INFO 24952 --- [main] d.s.w.p.DocumentationPluginsBootstrapper : Documentation plugins bootstrapped
11:12:17:908  INFO 24952 --- [main] d.s.w.p.DocumentationPluginsBootstrapper : Found 1 custom documentation plugin(s)
11:12:17:925  INFO 24952 --- [main] s.d.s.w.s.ApiListingReferenceScanner     : Scanning for api listing references
11:12:17:991  INFO 24952 --- [main] com.hmall.trade.TradeApplication         : Started TradeApplication in 14.097 seconds (JVM running for 15.108)
11:23:28:786  WARN 24952 --- [Thread-7] c.a.n.common.http.HttpClientBeanHolder   : [HttpClientBeanHolder] Start destroying common HttpClient
11:23:28:786  WARN 24952 --- [Thread-4] c.a.nacos.common.notify.NotifyCenter     : [NotifyCenter] Start destroying Publisher
11:23:28:789  WARN 24952 --- [Thread-4] c.a.nacos.common.notify.NotifyCenter     : [NotifyCenter] Destruction of the end
11:23:28:789  WARN 24952 --- [Thread-7] c.a.n.common.http.HttpClientBeanHolder   : [HttpClientBeanHolder] Destruction of the end
11:23:29:776  INFO 24952 --- [SpringApplicationShutdownHook] c.a.c.n.registry.NacosServiceRegistry    : De-registering from Nacos Server now...
11:23:29:784  INFO 24952 --- [SpringApplicationShutdownHook] c.a.c.n.registry.NacosServiceRegistry    : De-registration finished.
11:23:30:118  INFO 24952 --- [SpringApplicationShutdownHook] com.alibaba.nacos.common.remote.client   : Shutdown rpc client, set status to shutdown
11:23:30:118  INFO 24952 --- [SpringApplicationShutdownHook] com.alibaba.nacos.common.remote.client   : Shutdown client event executor java.util.concurrent.ScheduledThreadPoolExecutor@4d54ce93[Running, pool size = 2, active threads = 2, queued tasks = 0, completed tasks = 0]
11:23:30:118  INFO 24952 --- [SpringApplicationShutdownHook] com.alibaba.nacos.common.remote.client   : Close current connection 1746846737702_192.168.154.1_64219
11:23:30:122  INFO 24952 --- [nacos-grpc-client-executor-179] c.a.n.c.remote.client.grpc.GrpcClient    : [1746846737702_192.168.154.1_64219]Ignore complete event,isRunning:false,isAbandon=false
11:23:30:125  INFO 24952 --- [SpringApplicationShutdownHook] c.a.n.c.remote.client.grpc.GrpcClient    : Shutdown grpc executor java.util.concurrent.ThreadPoolExecutor@6382c99c[Running, pool size = 5, active threads = 0, queued tasks = 0, completed tasks = 180]
11:35:37:046  INFO 16476 --- [main] com.hmall.trade.TradeApplication         : Starting TradeApplication using Java 11 on ASUS2023 with PID 16476 (D:\computer technology\code\Project-me\hm-mall project\hmall\trade-service\target\classes started by ChenYangkun in D:\computer technology\code\Project-me\hm-mall project\hmall)
11:35:37:048 DEBUG 16476 --- [main] com.hmall.trade.TradeApplication         : Running with Spring Boot v2.7.12, Spring v5.3.27
11:35:37:048  INFO 16476 --- [main] com.hmall.trade.TradeApplication         : The following 1 profile is active: "local"
11:35:37:950  INFO 16476 --- [main] .s.d.r.c.RepositoryConfigurationDelegate : Multiple Spring Data modules found, entering strict repository configuration mode
11:35:37:952  INFO 16476 --- [main] .s.d.r.c.RepositoryConfigurationDelegate : Bootstrapping Spring Data Redis repositories in DEFAULT mode.
11:35:37:991  INFO 16476 --- [main] .s.d.r.c.RepositoryConfigurationDelegate : Finished Spring Data repository scanning in 10 ms. Found 0 Redis repository interfaces.
11:35:38:178  INFO 16476 --- [main] o.s.cloud.context.scope.GenericScope     : BeanFactory id=b427e384-ce4c-3c94-8e7b-3f56a3afa6c5
11:35:38:465  INFO 16476 --- [main] o.s.b.w.embedded.tomcat.TomcatWebServer  : Tomcat initialized with port(s): 8085 (http)
11:35:38:475  INFO 16476 --- [main] o.apache.catalina.core.StandardService   : Starting service [Tomcat]
11:35:38:475  INFO 16476 --- [main] org.apache.catalina.core.StandardEngine  : Starting Servlet engine: [Apache Tomcat/9.0.75]
11:35:38:625  INFO 16476 --- [main] o.a.c.c.C.[Tomcat].[localhost].[/]       : Initializing Spring embedded WebApplicationContext
11:35:38:625  INFO 16476 --- [main] w.s.c.ServletWebServerApplicationContext : Root WebApplicationContext: initialization completed in 1540 ms
11:35:40:819  INFO 16476 --- [main] o.s.c.openfeign.FeignClientFactoryBean   : For 'item-service' URL not provided. Will try picking an instance via load-balancing.
11:35:40:868  INFO 16476 --- [main] o.s.c.openfeign.FeignClientFactoryBean   : For 'cart-service' URL not provided. Will try picking an instance via load-balancing.
11:35:41:993  INFO 16476 --- [main] pertySourcedRequestMappingHandlerMapping : Mapped URL path [/v2/api-docs] onto method [springfox.documentation.swagger2.web.Swagger2ControllerWebMvc#getDocumentation(String, HttpServletRequest)]
11:35:43:454  INFO 16476 --- [main] com.alibaba.nacos.common.remote.client   : [RpcClientFactory] create a new rpc client of ff4cb7b3-1597-482a-acdf-311ea6d96579
11:35:43:506  INFO 16476 --- [main] org.reflections.Reflections              : Reflections took 34 ms to scan 1 urls, producing 3 keys and 6 values 
11:35:43:527  INFO 16476 --- [main] org.reflections.Reflections              : Reflections took 5 ms to scan 1 urls, producing 4 keys and 9 values 
11:35:43:536  INFO 16476 --- [main] org.reflections.Reflections              : Reflections took 6 ms to scan 1 urls, producing 3 keys and 10 values 
11:35:43:538  WARN 16476 --- [main] org.reflections.Reflections              : given scan urls are empty. set urls in the configuration
11:35:43:543  INFO 16476 --- [main] org.reflections.Reflections              : Reflections took 4 ms to scan 1 urls, producing 1 keys and 5 values 
11:35:43:554  INFO 16476 --- [main] org.reflections.Reflections              : Reflections took 7 ms to scan 1 urls, producing 1 keys and 7 values 
11:35:43:561  INFO 16476 --- [main] org.reflections.Reflections              : Reflections took 4 ms to scan 1 urls, producing 2 keys and 8 values 
11:35:43:563  WARN 16476 --- [main] org.reflections.Reflections              : given scan urls are empty. set urls in the configuration
11:35:43:565  INFO 16476 --- [main] com.alibaba.nacos.common.remote.client   : [ff4cb7b3-1597-482a-acdf-311ea6d96579] RpcClient init label, labels = {module=naming, source=sdk}
11:35:43:566  INFO 16476 --- [main] com.alibaba.nacos.common.remote.client   : [ff4cb7b3-1597-482a-acdf-311ea6d96579] RpcClient init, ServerListFactory = com.alibaba.nacos.client.naming.core.ServerListManager
11:35:43:566  INFO 16476 --- [main] com.alibaba.nacos.common.remote.client   : [ff4cb7b3-1597-482a-acdf-311ea6d96579] Registry connection listener to current client:com.alibaba.nacos.client.naming.remote.gprc.redo.NamingGrpcRedoService
11:35:43:568  INFO 16476 --- [main] com.alibaba.nacos.common.remote.client   : [ff4cb7b3-1597-482a-acdf-311ea6d96579] Register server push request handler:com.alibaba.nacos.client.naming.remote.gprc.NamingPushRequestHandler
11:35:43:570  INFO 16476 --- [main] com.alibaba.nacos.common.remote.client   : [ff4cb7b3-1597-482a-acdf-311ea6d96579] Try to connect to server on start up, server: {serverIp = '192.168.154.129', server main port = 8848}
11:35:45:540  INFO 16476 --- [main] com.alibaba.nacos.common.remote.client   : [ff4cb7b3-1597-482a-acdf-311ea6d96579] Success to connect to server [192.168.154.129:8848] on start up, connectionId = 1746848146613_192.168.154.1_57303
11:35:45:541  INFO 16476 --- [com.alibaba.nacos.client.remote.worker] com.alibaba.nacos.common.remote.client   : [ff4cb7b3-1597-482a-acdf-311ea6d96579] Notify connected event to listeners.
11:35:45:542  INFO 16476 --- [main] com.alibaba.nacos.common.remote.client   : [ff4cb7b3-1597-482a-acdf-311ea6d96579] Register server push request handler:com.alibaba.nacos.common.remote.client.RpcClient$ConnectResetRequestHandler
11:35:45:544  INFO 16476 --- [main] com.alibaba.nacos.common.remote.client   : [ff4cb7b3-1597-482a-acdf-311ea6d96579] Register server push request handler:com.alibaba.nacos.common.remote.client.RpcClient$$Lambda$1113/0x00000008007cac40
11:35:45:602  INFO 16476 --- [main] o.s.b.w.embedded.tomcat.TomcatWebServer  : Tomcat started on port(s): 8085 (http) with context path ''
11:35:45:625  INFO 16476 --- [main] c.a.c.n.registry.NacosServiceRegistry    : nacos registry, DEFAULT_GROUP trade-service 172.20.10.3:8085 register finished
11:35:46:150  INFO 16476 --- [nacos-grpc-client-executor-11] com.alibaba.nacos.common.remote.client   : [ff4cb7b3-1597-482a-acdf-311ea6d96579] Receive server push request, request = NotifySubscriberRequest, requestId = 14
11:35:46:155  INFO 16476 --- [nacos-grpc-client-executor-11] com.alibaba.nacos.common.remote.client   : [ff4cb7b3-1597-482a-acdf-311ea6d96579] Ack server push request, request = NotifySubscriberRequest, requestId = 14
11:35:46:301  INFO 16476 --- [main] d.s.w.p.DocumentationPluginsBootstrapper : Documentation plugins bootstrapped
11:35:46:304  INFO 16476 --- [main] d.s.w.p.DocumentationPluginsBootstrapper : Found 1 custom documentation plugin(s)
11:35:46:320  INFO 16476 --- [main] s.d.s.w.s.ApiListingReferenceScanner     : Scanning for api listing references
11:35:46:386  INFO 16476 --- [main] com.hmall.trade.TradeApplication         : Started TradeApplication in 10.657 seconds (JVM running for 11.68)
12:41:17:475  INFO 16476 --- [com.alibaba.nacos.client.remote.worker] com.alibaba.nacos.common.remote.client   : [ff4cb7b3-1597-482a-acdf-311ea6d96579] Server healthy check fail, currentConnection = 1746848146613_192.168.154.1_57303
12:41:17:483  INFO 16476 --- [com.alibaba.nacos.client.remote.worker] com.alibaba.nacos.common.remote.client   : [ff4cb7b3-1597-482a-acdf-311ea6d96579] Try to reconnect to a new server, server is  not appointed, will choose a random server.
12:41:18:716  INFO 16476 --- [com.alibaba.nacos.client.remote.worker] com.alibaba.nacos.common.remote.client   : [ff4cb7b3-1597-482a-acdf-311ea6d96579] Success to connect a server [192.168.154.129:8848], connectionId = 1746852079833_192.168.154.1_61099
12:41:18:717  INFO 16476 --- [com.alibaba.nacos.client.remote.worker] com.alibaba.nacos.common.remote.client   : [ff4cb7b3-1597-482a-acdf-311ea6d96579] Abandon prev connection, server is 192.168.154.129:8848, connectionId is 1746848146613_192.168.154.1_57303
12:41:18:717  INFO 16476 --- [com.alibaba.nacos.client.remote.worker] com.alibaba.nacos.common.remote.client   : Close current connection 1746848146613_192.168.154.1_57303
12:41:18:729  INFO 16476 --- [com.alibaba.nacos.client.remote.worker] com.alibaba.nacos.common.remote.client   : [ff4cb7b3-1597-482a-acdf-311ea6d96579] Notify disconnected event to listeners
12:41:18:733  WARN 16476 --- [nacos-grpc-client-executor-882] c.a.n.c.remote.client.grpc.GrpcClient    : [1746848146613_192.168.154.1_57303]Ignore error event,isRunning:true,isAbandon=true
12:41:18:736  INFO 16476 --- [com.alibaba.nacos.client.remote.worker] com.alibaba.nacos.common.remote.client   : [ff4cb7b3-1597-482a-acdf-311ea6d96579] Notify connected event to listeners.
12:41:21:431  INFO 16476 --- [nacos-grpc-client-executor-885] com.alibaba.nacos.common.remote.client   : [ff4cb7b3-1597-482a-acdf-311ea6d96579] Receive server push request, request = NotifySubscriberRequest, requestId = 40
12:41:21:432  INFO 16476 --- [nacos-grpc-client-executor-885] com.alibaba.nacos.common.remote.client   : [ff4cb7b3-1597-482a-acdf-311ea6d96579] Ack server push request, request = NotifySubscriberRequest, requestId = 40
14:15:52:736  WARN 16476 --- [Thread-4] c.a.nacos.common.notify.NotifyCenter     : [NotifyCenter] Start destroying Publisher
14:15:52:736  WARN 16476 --- [Thread-7] c.a.n.common.http.HttpClientBeanHolder   : [HttpClientBeanHolder] Start destroying common HttpClient
14:15:52:736  WARN 16476 --- [Thread-4] c.a.nacos.common.notify.NotifyCenter     : [NotifyCenter] Destruction of the end
14:15:52:737  WARN 16476 --- [Thread-7] c.a.n.common.http.HttpClientBeanHolder   : [HttpClientBeanHolder] Destruction of the end
14:15:53:655  INFO 16476 --- [SpringApplicationShutdownHook] c.a.c.n.registry.NacosServiceRegistry    : De-registering from Nacos Server now...
14:15:53:672  INFO 16476 --- [SpringApplicationShutdownHook] c.a.c.n.registry.NacosServiceRegistry    : De-registration finished.
14:15:53:995  INFO 16476 --- [SpringApplicationShutdownHook] com.alibaba.nacos.common.remote.client   : Shutdown rpc client, set status to shutdown
14:15:53:995  INFO 16476 --- [SpringApplicationShutdownHook] com.alibaba.nacos.common.remote.client   : Shutdown client event executor java.util.concurrent.ScheduledThreadPoolExecutor@490630c7[Running, pool size = 2, active threads = 2, queued tasks = 0, completed tasks = 0]
14:15:53:995  INFO 16476 --- [SpringApplicationShutdownHook] com.alibaba.nacos.common.remote.client   : Close current connection 1746852079833_192.168.154.1_61099
14:15:53:997  INFO 16476 --- [SpringApplicationShutdownHook] c.a.n.c.remote.client.grpc.GrpcClient    : Shutdown grpc executor java.util.concurrent.ThreadPoolExecutor@21ce785e[Running, pool size = 5, active threads = 0, queued tasks = 0, completed tasks = 2086]
14:16:18:320  INFO 52336 --- [main] com.hmall.trade.TradeApplication         : Starting TradeApplication using Java 11 on ASUS2023 with PID 52336 (D:\computer technology\code\Project-me\hm-mall project\hmall\trade-service\target\classes started by ChenYangkun in D:\computer technology\code\Project-me\hm-mall project\hmall)
14:16:18:321 DEBUG 52336 --- [main] com.hmall.trade.TradeApplication         : Running with Spring Boot v2.7.12, Spring v5.3.27
14:16:18:321  INFO 52336 --- [main] com.hmall.trade.TradeApplication         : The following 1 profile is active: "local"
14:16:19:112  INFO 52336 --- [main] .s.d.r.c.RepositoryConfigurationDelegate : Multiple Spring Data modules found, entering strict repository configuration mode
14:16:19:115  INFO 52336 --- [main] .s.d.r.c.RepositoryConfigurationDelegate : Bootstrapping Spring Data Redis repositories in DEFAULT mode.
14:16:19:146  INFO 52336 --- [main] .s.d.r.c.RepositoryConfigurationDelegate : Finished Spring Data repository scanning in 9 ms. Found 0 Redis repository interfaces.
14:16:19:306  INFO 52336 --- [main] o.s.cloud.context.scope.GenericScope     : BeanFactory id=b427e384-ce4c-3c94-8e7b-3f56a3afa6c5
14:16:19:605  INFO 52336 --- [main] o.s.b.w.embedded.tomcat.TomcatWebServer  : Tomcat initialized with port(s): 8085 (http)
14:16:19:615  INFO 52336 --- [main] o.apache.catalina.core.StandardService   : Starting service [Tomcat]
14:16:19:616  INFO 52336 --- [main] org.apache.catalina.core.StandardEngine  : Starting Servlet engine: [Apache Tomcat/9.0.75]
14:16:19:782  INFO 52336 --- [main] o.a.c.c.C.[Tomcat].[localhost].[/]       : Initializing Spring embedded WebApplicationContext
14:16:19:782  INFO 52336 --- [main] w.s.c.ServletWebServerApplicationContext : Root WebApplicationContext: initialization completed in 1423 ms
14:16:22:192  INFO 52336 --- [main] o.s.c.openfeign.FeignClientFactoryBean   : For 'item-service' URL not provided. Will try picking an instance via load-balancing.
14:16:22:249  INFO 52336 --- [main] o.s.c.openfeign.FeignClientFactoryBean   : For 'cart-service' URL not provided. Will try picking an instance via load-balancing.
14:16:23:911  INFO 52336 --- [main] pertySourcedRequestMappingHandlerMapping : Mapped URL path [/v2/api-docs] onto method [springfox.documentation.swagger2.web.Swagger2ControllerWebMvc#getDocumentation(String, HttpServletRequest)]
14:16:26:321  INFO 52336 --- [main] com.alibaba.nacos.common.remote.client   : [RpcClientFactory] create a new rpc client of 82a7cc2c-8ec1-4533-ae6b-91740b17a1a5
14:16:26:379  INFO 52336 --- [main] org.reflections.Reflections              : Reflections took 35 ms to scan 1 urls, producing 3 keys and 6 values 
14:16:26:404  INFO 52336 --- [main] org.reflections.Reflections              : Reflections took 10 ms to scan 1 urls, producing 4 keys and 9 values 
14:16:26:413  INFO 52336 --- [main] org.reflections.Reflections              : Reflections took 6 ms to scan 1 urls, producing 3 keys and 10 values 
14:16:26:416  WARN 52336 --- [main] org.reflections.Reflections              : given scan urls are empty. set urls in the configuration
14:16:26:424  INFO 52336 --- [main] org.reflections.Reflections              : Reflections took 6 ms to scan 1 urls, producing 1 keys and 5 values 
14:16:26:432  INFO 52336 --- [main] org.reflections.Reflections              : Reflections took 6 ms to scan 1 urls, producing 1 keys and 7 values 
14:16:26:440  INFO 52336 --- [main] org.reflections.Reflections              : Reflections took 5 ms to scan 1 urls, producing 2 keys and 8 values 
14:16:26:443  WARN 52336 --- [main] org.reflections.Reflections              : given scan urls are empty. set urls in the configuration
14:16:26:445  INFO 52336 --- [main] com.alibaba.nacos.common.remote.client   : [82a7cc2c-8ec1-4533-ae6b-91740b17a1a5] RpcClient init label, labels = {module=naming, source=sdk}
14:16:26:447  INFO 52336 --- [main] com.alibaba.nacos.common.remote.client   : [82a7cc2c-8ec1-4533-ae6b-91740b17a1a5] RpcClient init, ServerListFactory = com.alibaba.nacos.client.naming.core.ServerListManager
14:16:26:447  INFO 52336 --- [main] com.alibaba.nacos.common.remote.client   : [82a7cc2c-8ec1-4533-ae6b-91740b17a1a5] Registry connection listener to current client:com.alibaba.nacos.client.naming.remote.gprc.redo.NamingGrpcRedoService
14:16:26:447  INFO 52336 --- [main] com.alibaba.nacos.common.remote.client   : [82a7cc2c-8ec1-4533-ae6b-91740b17a1a5] Register server push request handler:com.alibaba.nacos.client.naming.remote.gprc.NamingPushRequestHandler
14:16:26:449  INFO 52336 --- [main] com.alibaba.nacos.common.remote.client   : [82a7cc2c-8ec1-4533-ae6b-91740b17a1a5] Try to connect to server on start up, server: {serverIp = '192.168.154.129', server main port = 8848}
14:16:31:405  INFO 52336 --- [main] com.alibaba.nacos.common.remote.client   : [82a7cc2c-8ec1-4533-ae6b-91740b17a1a5] Success to connect to server [192.168.154.129:8848] on start up, connectionId = 1746857792469_192.168.154.1_49170
14:16:31:406  INFO 52336 --- [com.alibaba.nacos.client.remote.worker] com.alibaba.nacos.common.remote.client   : [82a7cc2c-8ec1-4533-ae6b-91740b17a1a5] Notify connected event to listeners.
14:16:31:407  INFO 52336 --- [main] com.alibaba.nacos.common.remote.client   : [82a7cc2c-8ec1-4533-ae6b-91740b17a1a5] Register server push request handler:com.alibaba.nacos.common.remote.client.RpcClient$ConnectResetRequestHandler
14:16:31:407  INFO 52336 --- [main] com.alibaba.nacos.common.remote.client   : [82a7cc2c-8ec1-4533-ae6b-91740b17a1a5] Register server push request handler:com.alibaba.nacos.common.remote.client.RpcClient$$Lambda$1114/0x00000008007ca840
14:16:31:454  INFO 52336 --- [main] o.s.b.w.embedded.tomcat.TomcatWebServer  : Tomcat started on port(s): 8085 (http) with context path ''
14:16:31:466  INFO 52336 --- [main] c.a.c.n.registry.NacosServiceRegistry    : nacos registry, DEFAULT_GROUP trade-service 10.15.33.14:8085 register finished
14:16:31:978  INFO 52336 --- [nacos-grpc-client-executor-8] com.alibaba.nacos.common.remote.client   : [82a7cc2c-8ec1-4533-ae6b-91740b17a1a5] Receive server push request, request = NotifySubscriberRequest, requestId = 45
14:16:31:984  INFO 52336 --- [nacos-grpc-client-executor-8] com.alibaba.nacos.common.remote.client   : [82a7cc2c-8ec1-4533-ae6b-91740b17a1a5] Ack server push request, request = NotifySubscriberRequest, requestId = 45
14:16:32:391  INFO 52336 --- [main] d.s.w.p.DocumentationPluginsBootstrapper : Documentation plugins bootstrapped
14:16:32:394  INFO 52336 --- [main] d.s.w.p.DocumentationPluginsBootstrapper : Found 1 custom documentation plugin(s)
14:16:32:408  INFO 52336 --- [main] s.d.s.w.s.ApiListingReferenceScanner     : Scanning for api listing references
14:16:32:469  INFO 52336 --- [main] com.hmall.trade.TradeApplication         : Started TradeApplication in 15.184 seconds (JVM running for 16.237)
14:17:09:542  INFO 52336 --- [com.alibaba.nacos.client.remote.worker] com.alibaba.nacos.common.remote.client   : [82a7cc2c-8ec1-4533-ae6b-91740b17a1a5] Server healthy check fail, currentConnection = 1746857792469_192.168.154.1_49170
14:17:09:543  INFO 52336 --- [com.alibaba.nacos.client.remote.worker] com.alibaba.nacos.common.remote.client   : [82a7cc2c-8ec1-4533-ae6b-91740b17a1a5] Try to reconnect to a new server, server is  not appointed, will choose a random server.
14:17:11:679  INFO 52336 --- [com.alibaba.nacos.client.remote.worker] com.alibaba.nacos.common.remote.client   : [82a7cc2c-8ec1-4533-ae6b-91740b17a1a5] Success to connect a server [192.168.154.129:8848], connectionId = 1746857832537_192.168.154.1_49944
14:17:11:679  INFO 52336 --- [com.alibaba.nacos.client.remote.worker] com.alibaba.nacos.common.remote.client   : [82a7cc2c-8ec1-4533-ae6b-91740b17a1a5] Abandon prev connection, server is 192.168.154.129:8848, connectionId is 1746857792469_192.168.154.1_49170
14:17:11:679  INFO 52336 --- [com.alibaba.nacos.client.remote.worker] com.alibaba.nacos.common.remote.client   : Close current connection 1746857792469_192.168.154.1_49170
14:17:11:684  INFO 52336 --- [com.alibaba.nacos.client.remote.worker] com.alibaba.nacos.common.remote.client   : [82a7cc2c-8ec1-4533-ae6b-91740b17a1a5] Notify disconnected event to listeners
14:17:11:685  INFO 52336 --- [com.alibaba.nacos.client.remote.worker] com.alibaba.nacos.common.remote.client   : [82a7cc2c-8ec1-4533-ae6b-91740b17a1a5] Notify connected event to listeners.
14:17:11:686  WARN 52336 --- [nacos-grpc-client-executor-20] c.a.n.c.remote.client.grpc.GrpcClient    : [1746857792469_192.168.154.1_49170]Ignore error event,isRunning:true,isAbandon=true
14:17:15:090  INFO 52336 --- [nacos-grpc-client-executor-23] com.alibaba.nacos.common.remote.client   : [82a7cc2c-8ec1-4533-ae6b-91740b17a1a5] Receive server push request, request = NotifySubscriberRequest, requestId = 58
14:17:15:091  INFO 52336 --- [nacos-grpc-client-executor-23] com.alibaba.nacos.common.remote.client   : [82a7cc2c-8ec1-4533-ae6b-91740b17a1a5] Ack server push request, request = NotifySubscriberRequest, requestId = 58
