11:12:09:396  INFO 11476 --- [main] com.hmall.item.ItemApplication           : Starting ItemApplication using Java 11 on ASUS2023 with PID 11476 (D:\computer technology\code\Project-me\hm-mall project\hmall\items-service\target\classes started by ChenYangkun in D:\computer technology\code\Project-me\hm-mall project\hmall)
11:12:09:403 DEBUG 11476 --- [main] com.hmall.item.ItemApplication           : Running with Spring Boot v2.7.12, Spring v5.3.27
11:12:09:403  INFO 11476 --- [main] com.hmall.item.ItemApplication           : The following 1 profile is active: "local"
11:12:10:323  INFO 11476 --- [main] o.s.cloud.context.scope.GenericScope     : BeanFactory id=c3685fdd-79e8-38b9-982e-230f3b9d66ba
11:12:10:595  INFO 11476 --- [main] o.s.b.w.embedded.tomcat.TomcatWebServer  : Tomcat initialized with port(s): 8083 (http)
11:12:10:604  INFO 11476 --- [main] o.apache.catalina.core.StandardService   : Starting service [Tomcat]
11:12:10:604  INFO 11476 --- [main] org.apache.catalina.core.StandardEngine  : Starting Servlet engine: [Apache Tomcat/9.0.75]
11:12:10:726  INFO 11476 --- [main] o.a.c.c.C.[Tomcat].[localhost].[/]       : Initializing Spring embedded WebApplicationContext
11:12:10:726  INFO 11476 --- [main] w.s.c.ServletWebServerApplicationContext : Root WebApplicationContext: initialization completed in 1280 ms
11:12:16:172  INFO 34604 --- [main] com.hmall.item.ItemApplication           : Starting ItemApplication using Java 11 on ASUS2023 with PID 34604 (D:\computer technology\code\Project-me\hm-mall project\hmall\items-service\target\classes started by ChenYangkun in D:\computer technology\code\Project-me\hm-mall project\hmall)
11:12:16:174 DEBUG 34604 --- [main] com.hmall.item.ItemApplication           : Running with Spring Boot v2.7.12, Spring v5.3.27
11:12:16:174  INFO 34604 --- [main] com.hmall.item.ItemApplication           : The following 1 profile is active: "local"
11:12:16:457  INFO 11476 --- [main] pertySourcedRequestMappingHandlerMapping : Mapped URL path [/v2/api-docs] onto method [springfox.documentation.swagger2.web.Swagger2ControllerWebMvc#getDocumentation(String, HttpServletRequest)]
11:12:16:982  INFO 34604 --- [main] o.s.cloud.context.scope.GenericScope     : BeanFactory id=c3685fdd-79e8-38b9-982e-230f3b9d66ba
11:12:17:247  INFO 34604 --- [main] o.s.b.w.embedded.tomcat.TomcatWebServer  : Tomcat initialized with port(s): 8081 (http)
11:12:17:253  INFO 34604 --- [main] o.apache.catalina.core.StandardService   : Starting service [Tomcat]
11:12:17:253  INFO 34604 --- [main] org.apache.catalina.core.StandardEngine  : Starting Servlet engine: [Apache Tomcat/9.0.75]
11:12:17:344  INFO 34604 --- [main] o.a.c.c.C.[Tomcat].[localhost].[/]       : Initializing Spring embedded WebApplicationContext
11:12:17:345  INFO 34604 --- [main] w.s.c.ServletWebServerApplicationContext : Root WebApplicationContext: initialization completed in 1136 ms
11:12:17:792  INFO 11476 --- [main] com.alibaba.nacos.common.remote.client   : [RpcClientFactory] create a new rpc client of e2d6a704-1f59-4364-afc2-ee1cfc4f3eda
11:12:17:819  INFO 11476 --- [main] org.reflections.Reflections              : Reflections took 15 ms to scan 1 urls, producing 3 keys and 6 values 
11:12:17:836  INFO 11476 --- [main] org.reflections.Reflections              : Reflections took 6 ms to scan 1 urls, producing 4 keys and 9 values 
11:12:17:843  INFO 11476 --- [main] org.reflections.Reflections              : Reflections took 5 ms to scan 1 urls, producing 3 keys and 10 values 
11:12:17:845  WARN 11476 --- [main] org.reflections.Reflections              : given scan urls are empty. set urls in the configuration
11:12:17:850  INFO 11476 --- [main] org.reflections.Reflections              : Reflections took 4 ms to scan 1 urls, producing 1 keys and 5 values 
11:12:17:855  INFO 11476 --- [main] org.reflections.Reflections              : Reflections took 4 ms to scan 1 urls, producing 1 keys and 7 values 
11:12:17:861  INFO 11476 --- [main] org.reflections.Reflections              : Reflections took 4 ms to scan 1 urls, producing 2 keys and 8 values 
11:12:17:863  WARN 11476 --- [main] org.reflections.Reflections              : given scan urls are empty. set urls in the configuration
11:12:17:863  INFO 11476 --- [main] com.alibaba.nacos.common.remote.client   : [e2d6a704-1f59-4364-afc2-ee1cfc4f3eda] RpcClient init label, labels = {module=naming, source=sdk}
11:12:17:865  INFO 11476 --- [main] com.alibaba.nacos.common.remote.client   : [e2d6a704-1f59-4364-afc2-ee1cfc4f3eda] RpcClient init, ServerListFactory = com.alibaba.nacos.client.naming.core.ServerListManager
11:12:17:866  INFO 11476 --- [main] com.alibaba.nacos.common.remote.client   : [e2d6a704-1f59-4364-afc2-ee1cfc4f3eda] Registry connection listener to current client:com.alibaba.nacos.client.naming.remote.gprc.redo.NamingGrpcRedoService
11:12:17:866  INFO 11476 --- [main] com.alibaba.nacos.common.remote.client   : [e2d6a704-1f59-4364-afc2-ee1cfc4f3eda] Register server push request handler:com.alibaba.nacos.client.naming.remote.gprc.NamingPushRequestHandler
11:12:17:867  INFO 11476 --- [main] com.alibaba.nacos.common.remote.client   : [e2d6a704-1f59-4364-afc2-ee1cfc4f3eda] Try to connect to server on start up, server: {serverIp = '192.168.154.129', server main port = 8848}
11:12:20:333  INFO 11476 --- [main] com.alibaba.nacos.common.remote.client   : [e2d6a704-1f59-4364-afc2-ee1cfc4f3eda] Success to connect to server [192.168.154.129:8848] on start up, connectionId = 1746846741383_192.168.154.1_64319
11:12:20:333  INFO 11476 --- [com.alibaba.nacos.client.remote.worker] com.alibaba.nacos.common.remote.client   : [e2d6a704-1f59-4364-afc2-ee1cfc4f3eda] Notify connected event to listeners.
11:12:20:334  INFO 11476 --- [main] com.alibaba.nacos.common.remote.client   : [e2d6a704-1f59-4364-afc2-ee1cfc4f3eda] Register server push request handler:com.alibaba.nacos.common.remote.client.RpcClient$ConnectResetRequestHandler
11:12:20:336  INFO 11476 --- [main] com.alibaba.nacos.common.remote.client   : [e2d6a704-1f59-4364-afc2-ee1cfc4f3eda] Register server push request handler:com.alibaba.nacos.common.remote.client.RpcClient$$Lambda$899/0x0000000800683840
11:12:20:404  INFO 11476 --- [main] o.s.b.w.embedded.tomcat.TomcatWebServer  : Tomcat started on port(s): 8083 (http) with context path ''
11:12:20:417  INFO 11476 --- [main] c.a.c.n.registry.NacosServiceRegistry    : nacos registry, DEFAULT_GROUP item-service 10.15.33.14:8083 register finished
11:12:20:585  INFO 34604 --- [main] pertySourcedRequestMappingHandlerMapping : Mapped URL path [/v2/api-docs] onto method [springfox.documentation.swagger2.web.Swagger2ControllerWebMvc#getDocumentation(String, HttpServletRequest)]
11:12:20:966  INFO 11476 --- [nacos-grpc-client-executor-9] com.alibaba.nacos.common.remote.client   : [e2d6a704-1f59-4364-afc2-ee1cfc4f3eda] Receive server push request, request = NotifySubscriberRequest, requestId = 7
11:12:20:972  INFO 11476 --- [nacos-grpc-client-executor-9] com.alibaba.nacos.common.remote.client   : [e2d6a704-1f59-4364-afc2-ee1cfc4f3eda] Ack server push request, request = NotifySubscriberRequest, requestId = 7
11:12:21:109  INFO 11476 --- [main] d.s.w.p.DocumentationPluginsBootstrapper : Documentation plugins bootstrapped
11:12:21:112  INFO 11476 --- [main] d.s.w.p.DocumentationPluginsBootstrapper : Found 1 custom documentation plugin(s)
11:12:21:145  INFO 11476 --- [main] s.d.s.w.s.ApiListingReferenceScanner     : Scanning for api listing references
11:12:21:230  INFO 11476 --- [main] com.hmall.item.ItemApplication           : Started ItemApplication in 13.011 seconds (JVM running for 14.212)
11:12:21:410  INFO 34604 --- [main] com.alibaba.nacos.common.remote.client   : [RpcClientFactory] create a new rpc client of 0405c33a-a537-4cf8-995c-27f58ea112a3
11:12:21:444  INFO 34604 --- [main] org.reflections.Reflections              : Reflections took 20 ms to scan 1 urls, producing 3 keys and 6 values 
11:12:21:479  INFO 34604 --- [main] org.reflections.Reflections              : Reflections took 10 ms to scan 1 urls, producing 4 keys and 9 values 
11:12:21:492  INFO 34604 --- [main] org.reflections.Reflections              : Reflections took 9 ms to scan 1 urls, producing 3 keys and 10 values 
11:12:21:496  WARN 34604 --- [main] org.reflections.Reflections              : given scan urls are empty. set urls in the configuration
11:12:21:504  INFO 34604 --- [main] org.reflections.Reflections              : Reflections took 7 ms to scan 1 urls, producing 1 keys and 5 values 
11:12:21:512  INFO 34604 --- [main] org.reflections.Reflections              : Reflections took 4 ms to scan 1 urls, producing 1 keys and 7 values 
11:12:21:518  INFO 34604 --- [main] org.reflections.Reflections              : Reflections took 5 ms to scan 1 urls, producing 2 keys and 8 values 
11:12:21:520  WARN 34604 --- [main] org.reflections.Reflections              : given scan urls are empty. set urls in the configuration
11:12:21:520  INFO 34604 --- [main] com.alibaba.nacos.common.remote.client   : [0405c33a-a537-4cf8-995c-27f58ea112a3] RpcClient init label, labels = {module=naming, source=sdk}
11:12:21:522  INFO 34604 --- [main] com.alibaba.nacos.common.remote.client   : [0405c33a-a537-4cf8-995c-27f58ea112a3] RpcClient init, ServerListFactory = com.alibaba.nacos.client.naming.core.ServerListManager
11:12:21:523  INFO 34604 --- [main] com.alibaba.nacos.common.remote.client   : [0405c33a-a537-4cf8-995c-27f58ea112a3] Registry connection listener to current client:com.alibaba.nacos.client.naming.remote.gprc.redo.NamingGrpcRedoService
11:12:21:523  INFO 34604 --- [main] com.alibaba.nacos.common.remote.client   : [0405c33a-a537-4cf8-995c-27f58ea112a3] Register server push request handler:com.alibaba.nacos.client.naming.remote.gprc.NamingPushRequestHandler
11:12:21:524  INFO 34604 --- [main] com.alibaba.nacos.common.remote.client   : [0405c33a-a537-4cf8-995c-27f58ea112a3] Try to connect to server on start up, server: {serverIp = '192.168.154.129', server main port = 8848}
11:12:25:013  INFO 34604 --- [main] com.alibaba.nacos.common.remote.client   : [0405c33a-a537-4cf8-995c-27f58ea112a3] Success to connect to server [192.168.154.129:8848] on start up, connectionId = 1746846745908_192.168.154.1_64429
11:12:25:013  INFO 34604 --- [com.alibaba.nacos.client.remote.worker] com.alibaba.nacos.common.remote.client   : [0405c33a-a537-4cf8-995c-27f58ea112a3] Notify connected event to listeners.
11:12:25:014  INFO 34604 --- [main] com.alibaba.nacos.common.remote.client   : [0405c33a-a537-4cf8-995c-27f58ea112a3] Register server push request handler:com.alibaba.nacos.common.remote.client.RpcClient$ConnectResetRequestHandler
11:12:25:015  INFO 34604 --- [main] com.alibaba.nacos.common.remote.client   : [0405c33a-a537-4cf8-995c-27f58ea112a3] Register server push request handler:com.alibaba.nacos.common.remote.client.RpcClient$$Lambda$899/0x0000000800682040
11:12:25:084  INFO 34604 --- [main] o.s.b.w.embedded.tomcat.TomcatWebServer  : Tomcat started on port(s): 8081 (http) with context path ''
11:12:25:119  INFO 34604 --- [main] c.a.c.n.registry.NacosServiceRegistry    : nacos registry, DEFAULT_GROUP item-service 10.15.33.14:8081 register finished
11:12:25:620  INFO 11476 --- [nacos-grpc-client-executor-11] com.alibaba.nacos.common.remote.client   : [e2d6a704-1f59-4364-afc2-ee1cfc4f3eda] Receive server push request, request = NotifySubscriberRequest, requestId = 8
11:12:25:621  INFO 11476 --- [nacos-grpc-client-executor-11] com.alibaba.nacos.common.remote.client   : [e2d6a704-1f59-4364-afc2-ee1cfc4f3eda] Ack server push request, request = NotifySubscriberRequest, requestId = 8
11:12:25:630  INFO 34604 --- [nacos-grpc-client-executor-9] com.alibaba.nacos.common.remote.client   : [0405c33a-a537-4cf8-995c-27f58ea112a3] Receive server push request, request = NotifySubscriberRequest, requestId = 9
11:12:25:632  INFO 34604 --- [nacos-grpc-client-executor-9] com.alibaba.nacos.common.remote.client   : [0405c33a-a537-4cf8-995c-27f58ea112a3] Ack server push request, request = NotifySubscriberRequest, requestId = 9
11:12:25:635  INFO 34604 --- [main] d.s.w.p.DocumentationPluginsBootstrapper : Documentation plugins bootstrapped
11:12:25:637  INFO 34604 --- [main] d.s.w.p.DocumentationPluginsBootstrapper : Found 1 custom documentation plugin(s)
11:12:25:656  INFO 34604 --- [main] s.d.s.w.s.ApiListingReferenceScanner     : Scanning for api listing references
11:12:25:745  INFO 34604 --- [main] com.hmall.item.ItemApplication           : Started ItemApplication in 11.764 seconds (JVM running for 13.802)
11:23:28:610  WARN 34604 --- [Thread-7] c.a.n.common.http.HttpClientBeanHolder   : [HttpClientBeanHolder] Start destroying common HttpClient
11:23:28:610  WARN 34604 --- [Thread-4] c.a.nacos.common.notify.NotifyCenter     : [NotifyCenter] Start destroying Publisher
11:23:28:611  WARN 34604 --- [Thread-4] c.a.nacos.common.notify.NotifyCenter     : [NotifyCenter] Destruction of the end
11:23:28:611  WARN 34604 --- [Thread-7] c.a.n.common.http.HttpClientBeanHolder   : [HttpClientBeanHolder] Destruction of the end
11:23:28:705  WARN 11476 --- [Thread-4] c.a.nacos.common.notify.NotifyCenter     : [NotifyCenter] Start destroying Publisher
11:23:28:705  WARN 11476 --- [Thread-7] c.a.n.common.http.HttpClientBeanHolder   : [HttpClientBeanHolder] Start destroying common HttpClient
11:23:28:708  WARN 11476 --- [Thread-4] c.a.nacos.common.notify.NotifyCenter     : [NotifyCenter] Destruction of the end
11:23:28:710  WARN 11476 --- [Thread-7] c.a.n.common.http.HttpClientBeanHolder   : [HttpClientBeanHolder] Destruction of the end
11:23:29:515  INFO 34604 --- [SpringApplicationShutdownHook] c.a.c.n.registry.NacosServiceRegistry    : De-registering from Nacos Server now...
11:23:29:523  INFO 34604 --- [SpringApplicationShutdownHook] c.a.c.n.registry.NacosServiceRegistry    : De-registration finished.
11:23:29:688  INFO 11476 --- [SpringApplicationShutdownHook] c.a.c.n.registry.NacosServiceRegistry    : De-registering from Nacos Server now...
11:23:29:704  INFO 11476 --- [SpringApplicationShutdownHook] c.a.c.n.registry.NacosServiceRegistry    : De-registration finished.
11:23:29:854  INFO 34604 --- [SpringApplicationShutdownHook] com.alibaba.nacos.common.remote.client   : Shutdown rpc client, set status to shutdown
11:23:29:854  INFO 34604 --- [SpringApplicationShutdownHook] com.alibaba.nacos.common.remote.client   : Shutdown client event executor java.util.concurrent.ScheduledThreadPoolExecutor@3e5f7295[Running, pool size = 2, active threads = 2, queued tasks = 0, completed tasks = 0]
11:23:29:854  INFO 34604 --- [SpringApplicationShutdownHook] com.alibaba.nacos.common.remote.client   : Close current connection 1746846745908_192.168.154.1_64429
11:23:29:865  INFO 34604 --- [SpringApplicationShutdownHook] c.a.n.c.remote.client.grpc.GrpcClient    : Shutdown grpc executor java.util.concurrent.ThreadPoolExecutor@501e5f0b[Running, pool size = 4, active threads = 0, queued tasks = 0, completed tasks = 170]
11:23:30:040  INFO 11476 --- [SpringApplicationShutdownHook] com.alibaba.nacos.common.remote.client   : Shutdown rpc client, set status to shutdown
11:23:30:040  INFO 11476 --- [SpringApplicationShutdownHook] com.alibaba.nacos.common.remote.client   : Shutdown client event executor java.util.concurrent.ScheduledThreadPoolExecutor@6c19c002[Running, pool size = 2, active threads = 2, queued tasks = 0, completed tasks = 0]
11:23:30:040  INFO 11476 --- [SpringApplicationShutdownHook] com.alibaba.nacos.common.remote.client   : Close current connection 1746846741383_192.168.154.1_64319
11:23:30:044  INFO 11476 --- [nacos-grpc-client-executor-169] c.a.n.c.remote.client.grpc.GrpcClient    : [1746846741383_192.168.154.1_64319]Ignore complete event,isRunning:false,isAbandon=false
11:23:30:047  INFO 11476 --- [SpringApplicationShutdownHook] c.a.n.c.remote.client.grpc.GrpcClient    : Shutdown grpc executor java.util.concurrent.ThreadPoolExecutor@678d025c[Running, pool size = 5, active threads = 0, queued tasks = 0, completed tasks = 170]
11:35:44:626  INFO 49648 --- [main] com.hmall.item.ItemApplication           : Starting ItemApplication using Java 11 on ASUS2023 with PID 49648 (D:\computer technology\code\Project-me\hm-mall project\hmall\items-service\target\classes started by ChenYangkun in D:\computer technology\code\Project-me\hm-mall project\hmall)
11:35:44:632 DEBUG 49648 --- [main] com.hmall.item.ItemApplication           : Running with Spring Boot v2.7.12, Spring v5.3.27
11:35:44:632  INFO 49648 --- [main] com.hmall.item.ItemApplication           : The following 1 profile is active: "local"
11:35:45:423  INFO 49648 --- [main] o.s.cloud.context.scope.GenericScope     : BeanFactory id=c3685fdd-79e8-38b9-982e-230f3b9d66ba
11:35:45:752  INFO 49648 --- [main] o.s.b.w.embedded.tomcat.TomcatWebServer  : Tomcat initialized with port(s): 8083 (http)
11:35:45:765  INFO 49648 --- [main] o.apache.catalina.core.StandardService   : Starting service [Tomcat]
11:35:45:765  INFO 49648 --- [main] org.apache.catalina.core.StandardEngine  : Starting Servlet engine: [Apache Tomcat/9.0.75]
11:35:45:913  INFO 49648 --- [main] o.a.c.c.C.[Tomcat].[localhost].[/]       : Initializing Spring embedded WebApplicationContext
11:35:45:913  INFO 49648 --- [main] w.s.c.ServletWebServerApplicationContext : Root WebApplicationContext: initialization completed in 1245 ms
11:35:49:315  INFO 49648 --- [main] pertySourcedRequestMappingHandlerMapping : Mapped URL path [/v2/api-docs] onto method [springfox.documentation.swagger2.web.Swagger2ControllerWebMvc#getDocumentation(String, HttpServletRequest)]
11:35:50:429  INFO 49648 --- [main] com.alibaba.nacos.common.remote.client   : [RpcClientFactory] create a new rpc client of e5d2f08d-6d44-4e66-a7f7-b9d6b75a1b3b
11:35:50:459  INFO 49648 --- [main] org.reflections.Reflections              : Reflections took 16 ms to scan 1 urls, producing 3 keys and 6 values 
11:35:50:475  INFO 49648 --- [main] org.reflections.Reflections              : Reflections took 6 ms to scan 1 urls, producing 4 keys and 9 values 
11:35:50:483  INFO 49648 --- [main] org.reflections.Reflections              : Reflections took 5 ms to scan 1 urls, producing 3 keys and 10 values 
11:35:50:485  WARN 49648 --- [main] org.reflections.Reflections              : given scan urls are empty. set urls in the configuration
11:35:50:493  INFO 49648 --- [main] org.reflections.Reflections              : Reflections took 7 ms to scan 1 urls, producing 1 keys and 5 values 
11:35:50:500  INFO 49648 --- [main] org.reflections.Reflections              : Reflections took 5 ms to scan 1 urls, producing 1 keys and 7 values 
11:35:50:507  INFO 49648 --- [main] org.reflections.Reflections              : Reflections took 5 ms to scan 1 urls, producing 2 keys and 8 values 
11:35:50:508  WARN 49648 --- [main] org.reflections.Reflections              : given scan urls are empty. set urls in the configuration
11:35:50:509  INFO 49648 --- [main] com.alibaba.nacos.common.remote.client   : [e5d2f08d-6d44-4e66-a7f7-b9d6b75a1b3b] RpcClient init label, labels = {module=naming, source=sdk}
11:35:50:511  INFO 49648 --- [main] com.alibaba.nacos.common.remote.client   : [e5d2f08d-6d44-4e66-a7f7-b9d6b75a1b3b] RpcClient init, ServerListFactory = com.alibaba.nacos.client.naming.core.ServerListManager
11:35:50:511  INFO 49648 --- [main] com.alibaba.nacos.common.remote.client   : [e5d2f08d-6d44-4e66-a7f7-b9d6b75a1b3b] Registry connection listener to current client:com.alibaba.nacos.client.naming.remote.gprc.redo.NamingGrpcRedoService
11:35:50:511  INFO 49648 --- [main] com.alibaba.nacos.common.remote.client   : [e5d2f08d-6d44-4e66-a7f7-b9d6b75a1b3b] Register server push request handler:com.alibaba.nacos.client.naming.remote.gprc.NamingPushRequestHandler
11:35:50:512  INFO 49648 --- [main] com.alibaba.nacos.common.remote.client   : [e5d2f08d-6d44-4e66-a7f7-b9d6b75a1b3b] Try to connect to server on start up, server: {serverIp = '192.168.154.129', server main port = 8848}
11:35:50:895  INFO 32736 --- [main] com.hmall.item.ItemApplication           : Starting ItemApplication using Java 11 on ASUS2023 with PID 32736 (D:\computer technology\code\Project-me\hm-mall project\hmall\items-service\target\classes started by ChenYangkun in D:\computer technology\code\Project-me\hm-mall project\hmall)
11:35:50:897 DEBUG 32736 --- [main] com.hmall.item.ItemApplication           : Running with Spring Boot v2.7.12, Spring v5.3.27
11:35:50:897  INFO 32736 --- [main] com.hmall.item.ItemApplication           : The following 1 profile is active: "local"
11:35:51:653  INFO 32736 --- [main] o.s.cloud.context.scope.GenericScope     : BeanFactory id=c3685fdd-79e8-38b9-982e-230f3b9d66ba
11:35:51:892  INFO 32736 --- [main] o.s.b.w.embedded.tomcat.TomcatWebServer  : Tomcat initialized with port(s): 8081 (http)
11:35:51:898  INFO 32736 --- [main] o.apache.catalina.core.StandardService   : Starting service [Tomcat]
11:35:51:898  INFO 32736 --- [main] org.apache.catalina.core.StandardEngine  : Starting Servlet engine: [Apache Tomcat/9.0.75]
11:35:51:985  INFO 32736 --- [main] o.a.c.c.C.[Tomcat].[localhost].[/]       : Initializing Spring embedded WebApplicationContext
11:35:51:985  INFO 32736 --- [main] w.s.c.ServletWebServerApplicationContext : Root WebApplicationContext: initialization completed in 1056 ms
11:35:52:783  INFO 49648 --- [main] com.alibaba.nacos.common.remote.client   : [e5d2f08d-6d44-4e66-a7f7-b9d6b75a1b3b] Success to connect to server [192.168.154.129:8848] on start up, connectionId = 1746848153842_192.168.154.1_57607
11:35:52:784  INFO 49648 --- [main] com.alibaba.nacos.common.remote.client   : [e5d2f08d-6d44-4e66-a7f7-b9d6b75a1b3b] Register server push request handler:com.alibaba.nacos.common.remote.client.RpcClient$ConnectResetRequestHandler
11:35:52:784  INFO 49648 --- [com.alibaba.nacos.client.remote.worker] com.alibaba.nacos.common.remote.client   : [e5d2f08d-6d44-4e66-a7f7-b9d6b75a1b3b] Notify connected event to listeners.
11:35:52:786  INFO 49648 --- [main] com.alibaba.nacos.common.remote.client   : [e5d2f08d-6d44-4e66-a7f7-b9d6b75a1b3b] Register server push request handler:com.alibaba.nacos.common.remote.client.RpcClient$$Lambda$899/0x0000000800682040
11:35:52:841  INFO 49648 --- [main] o.s.b.w.embedded.tomcat.TomcatWebServer  : Tomcat started on port(s): 8083 (http) with context path ''
11:35:52:854  INFO 49648 --- [main] c.a.c.n.registry.NacosServiceRegistry    : nacos registry, DEFAULT_GROUP item-service 172.20.10.3:8083 register finished
11:35:53:418  INFO 49648 --- [nacos-grpc-client-executor-10] com.alibaba.nacos.common.remote.client   : [e5d2f08d-6d44-4e66-a7f7-b9d6b75a1b3b] Receive server push request, request = NotifySubscriberRequest, requestId = 16
11:35:53:420  INFO 49648 --- [nacos-grpc-client-executor-10] com.alibaba.nacos.common.remote.client   : [e5d2f08d-6d44-4e66-a7f7-b9d6b75a1b3b] Ack server push request, request = NotifySubscriberRequest, requestId = 16
11:35:53:534  INFO 49648 --- [main] d.s.w.p.DocumentationPluginsBootstrapper : Documentation plugins bootstrapped
11:35:53:536  INFO 49648 --- [main] d.s.w.p.DocumentationPluginsBootstrapper : Found 1 custom documentation plugin(s)
11:35:53:563  INFO 49648 --- [main] s.d.s.w.s.ApiListingReferenceScanner     : Scanning for api listing references
11:35:53:658  INFO 49648 --- [main] com.hmall.item.ItemApplication           : Started ItemApplication in 10.232 seconds (JVM running for 11.516)
11:35:54:658  INFO 32736 --- [main] pertySourcedRequestMappingHandlerMapping : Mapped URL path [/v2/api-docs] onto method [springfox.documentation.swagger2.web.Swagger2ControllerWebMvc#getDocumentation(String, HttpServletRequest)]
11:35:55:361  INFO 32736 --- [main] com.alibaba.nacos.common.remote.client   : [RpcClientFactory] create a new rpc client of 3fd6aeb5-182d-4297-859b-5db402ba4737
11:35:55:389  INFO 32736 --- [main] org.reflections.Reflections              : Reflections took 15 ms to scan 1 urls, producing 3 keys and 6 values 
11:35:55:406  INFO 32736 --- [main] org.reflections.Reflections              : Reflections took 6 ms to scan 1 urls, producing 4 keys and 9 values 
11:35:55:413  INFO 32736 --- [main] org.reflections.Reflections              : Reflections took 5 ms to scan 1 urls, producing 3 keys and 10 values 
11:35:55:416  WARN 32736 --- [main] org.reflections.Reflections              : given scan urls are empty. set urls in the configuration
11:35:55:419  INFO 32736 --- [main] org.reflections.Reflections              : Reflections took 3 ms to scan 1 urls, producing 1 keys and 5 values 
11:35:55:425  INFO 32736 --- [main] org.reflections.Reflections              : Reflections took 4 ms to scan 1 urls, producing 1 keys and 7 values 
11:35:55:431  INFO 32736 --- [main] org.reflections.Reflections              : Reflections took 3 ms to scan 1 urls, producing 2 keys and 8 values 
11:35:55:433  WARN 32736 --- [main] org.reflections.Reflections              : given scan urls are empty. set urls in the configuration
11:35:55:433  INFO 32736 --- [main] com.alibaba.nacos.common.remote.client   : [3fd6aeb5-182d-4297-859b-5db402ba4737] RpcClient init label, labels = {module=naming, source=sdk}
11:35:55:436  INFO 32736 --- [main] com.alibaba.nacos.common.remote.client   : [3fd6aeb5-182d-4297-859b-5db402ba4737] RpcClient init, ServerListFactory = com.alibaba.nacos.client.naming.core.ServerListManager
11:35:55:436  INFO 32736 --- [main] com.alibaba.nacos.common.remote.client   : [3fd6aeb5-182d-4297-859b-5db402ba4737] Registry connection listener to current client:com.alibaba.nacos.client.naming.remote.gprc.redo.NamingGrpcRedoService
11:35:55:436  INFO 32736 --- [main] com.alibaba.nacos.common.remote.client   : [3fd6aeb5-182d-4297-859b-5db402ba4737] Register server push request handler:com.alibaba.nacos.client.naming.remote.gprc.NamingPushRequestHandler
11:35:55:437  INFO 32736 --- [main] com.alibaba.nacos.common.remote.client   : [3fd6aeb5-182d-4297-859b-5db402ba4737] Try to connect to server on start up, server: {serverIp = '192.168.154.129', server main port = 8848}
11:35:57:149  INFO 32736 --- [main] com.alibaba.nacos.common.remote.client   : [3fd6aeb5-182d-4297-859b-5db402ba4737] Success to connect to server [192.168.154.129:8848] on start up, connectionId = 1746848158222_192.168.154.1_57738
11:35:57:149  INFO 32736 --- [com.alibaba.nacos.client.remote.worker] com.alibaba.nacos.common.remote.client   : [3fd6aeb5-182d-4297-859b-5db402ba4737] Notify connected event to listeners.
11:35:57:150  INFO 32736 --- [main] com.alibaba.nacos.common.remote.client   : [3fd6aeb5-182d-4297-859b-5db402ba4737] Register server push request handler:com.alibaba.nacos.common.remote.client.RpcClient$ConnectResetRequestHandler
11:35:57:153  INFO 32736 --- [main] com.alibaba.nacos.common.remote.client   : [3fd6aeb5-182d-4297-859b-5db402ba4737] Register server push request handler:com.alibaba.nacos.common.remote.client.RpcClient$$Lambda$899/0x0000000800684440
11:35:57:202  INFO 32736 --- [main] o.s.b.w.embedded.tomcat.TomcatWebServer  : Tomcat started on port(s): 8081 (http) with context path ''
11:35:57:212  INFO 32736 --- [main] c.a.c.n.registry.NacosServiceRegistry    : nacos registry, DEFAULT_GROUP item-service 172.20.10.3:8081 register finished
11:35:57:749  INFO 49648 --- [nacos-grpc-client-executor-12] com.alibaba.nacos.common.remote.client   : [e5d2f08d-6d44-4e66-a7f7-b9d6b75a1b3b] Receive server push request, request = NotifySubscriberRequest, requestId = 18
11:35:57:750  INFO 49648 --- [nacos-grpc-client-executor-12] com.alibaba.nacos.common.remote.client   : [e5d2f08d-6d44-4e66-a7f7-b9d6b75a1b3b] Ack server push request, request = NotifySubscriberRequest, requestId = 18
11:35:57:758  INFO 32736 --- [nacos-grpc-client-executor-9] com.alibaba.nacos.common.remote.client   : [3fd6aeb5-182d-4297-859b-5db402ba4737] Receive server push request, request = NotifySubscriberRequest, requestId = 17
11:35:57:760  INFO 32736 --- [nacos-grpc-client-executor-9] com.alibaba.nacos.common.remote.client   : [3fd6aeb5-182d-4297-859b-5db402ba4737] Ack server push request, request = NotifySubscriberRequest, requestId = 17
11:35:57:831  INFO 32736 --- [main] d.s.w.p.DocumentationPluginsBootstrapper : Documentation plugins bootstrapped
11:35:57:834  INFO 32736 --- [main] d.s.w.p.DocumentationPluginsBootstrapper : Found 1 custom documentation plugin(s)
11:35:57:858  INFO 32736 --- [main] s.d.s.w.s.ApiListingReferenceScanner     : Scanning for api listing references
11:35:57:947  INFO 32736 --- [main] com.hmall.item.ItemApplication           : Started ItemApplication in 8.312 seconds (JVM running for 9.425)
11:36:07:144  INFO 32736 --- [http-nio-8081-exec-1] o.a.c.c.C.[Tomcat].[localhost].[/]       : Initializing Spring DispatcherServlet 'dispatcherServlet'
11:36:07:145  INFO 32736 --- [http-nio-8081-exec-1] o.s.web.servlet.DispatcherServlet        : Initializing Servlet 'dispatcherServlet'
11:36:07:146  INFO 32736 --- [http-nio-8081-exec-1] o.s.web.servlet.DispatcherServlet        : Completed initialization in 1 ms
11:36:07:256  INFO 32736 --- [http-nio-8081-exec-1] com.zaxxer.hikari.HikariDataSource       : HikariPool-1 - Starting...
11:36:07:801  INFO 32736 --- [http-nio-8081-exec-1] com.zaxxer.hikari.HikariDataSource       : HikariPool-1 - Start completed.
11:36:07:807 DEBUG 32736 --- [http-nio-8081-exec-1] c.h.i.m.ItemMapper.selectPage_mpCount    : ==>  Preparing: SELECT COUNT(*) FROM item WHERE (status = ?)
11:36:07:822 DEBUG 32736 --- [http-nio-8081-exec-1] c.h.i.m.ItemMapper.selectPage_mpCount    : ==> Parameters: 1(Integer)
11:36:07:960  INFO 49648 --- [http-nio-8083-exec-3] o.a.c.c.C.[Tomcat].[localhost].[/]       : Initializing Spring DispatcherServlet 'dispatcherServlet'
11:36:07:960  INFO 49648 --- [http-nio-8083-exec-3] o.s.web.servlet.DispatcherServlet        : Initializing Servlet 'dispatcherServlet'
11:36:07:962  INFO 49648 --- [http-nio-8083-exec-3] o.s.web.servlet.DispatcherServlet        : Completed initialization in 1 ms
11:36:08:098  INFO 49648 --- [http-nio-8083-exec-3] com.zaxxer.hikari.HikariDataSource       : HikariPool-1 - Starting...
11:36:08:354  INFO 49648 --- [http-nio-8083-exec-3] com.zaxxer.hikari.HikariDataSource       : HikariPool-1 - Start completed.
11:36:08:358 DEBUG 49648 --- [http-nio-8083-exec-3] c.h.i.m.ItemMapper.selectPage_mpCount    : ==>  Preparing: SELECT COUNT(*) FROM item WHERE (status = ?)
11:36:08:372 DEBUG 49648 --- [http-nio-8083-exec-3] c.h.i.m.ItemMapper.selectPage_mpCount    : ==> Parameters: 1(Integer)
11:36:08:710 DEBUG 49648 --- [http-nio-8083-exec-3] c.h.i.m.ItemMapper.selectPage_mpCount    : <==      Total: 1
11:36:08:716 DEBUG 32736 --- [http-nio-8081-exec-1] c.h.i.m.ItemMapper.selectPage_mpCount    : <==      Total: 1
11:36:08:722 DEBUG 49648 --- [http-nio-8083-exec-3] c.h.item.mapper.ItemMapper.selectPage    : ==>  Preparing: SELECT id, name, price, stock, image, category, brand, spec, sold, comment_count, isAD, status, create_time, update_time, creater, updater FROM item WHERE (status = ?) ORDER BY update_time DESC LIMIT ?
11:36:08:722 DEBUG 49648 --- [http-nio-8083-exec-3] c.h.item.mapper.ItemMapper.selectPage    : ==> Parameters: 1(Integer), 20(Long)
11:36:08:725 DEBUG 32736 --- [http-nio-8081-exec-1] c.h.item.mapper.ItemMapper.selectPage    : ==>  Preparing: SELECT id, name, price, stock, image, category, brand, spec, sold, comment_count, isAD, status, create_time, update_time, creater, updater FROM item WHERE (status = ?) ORDER BY update_time DESC LIMIT ?
11:36:08:726 DEBUG 32736 --- [http-nio-8081-exec-1] c.h.item.mapper.ItemMapper.selectPage    : ==> Parameters: 1(Integer), 20(Long)
11:36:08:765 DEBUG 32736 --- [http-nio-8081-exec-1] c.h.item.mapper.ItemMapper.selectPage    : <==      Total: 20
11:36:08:767 DEBUG 49648 --- [http-nio-8083-exec-3] c.h.item.mapper.ItemMapper.selectPage    : <==      Total: 20
11:36:09:388 DEBUG 32736 --- [http-nio-8081-exec-5] c.h.i.m.ItemMapper.selectPage_mpCount    : ==>  Preparing: SELECT COUNT(*) FROM item WHERE (status = ?)
11:36:09:389 DEBUG 32736 --- [http-nio-8081-exec-5] c.h.i.m.ItemMapper.selectPage_mpCount    : ==> Parameters: 1(Integer)
11:36:09:418 DEBUG 32736 --- [http-nio-8081-exec-5] c.h.i.m.ItemMapper.selectPage_mpCount    : <==      Total: 1
11:36:09:421 DEBUG 32736 --- [http-nio-8081-exec-5] c.h.item.mapper.ItemMapper.selectPage    : ==>  Preparing: SELECT id, name, price, stock, image, category, brand, spec, sold, comment_count, isAD, status, create_time, update_time, creater, updater FROM item WHERE (status = ?) ORDER BY update_time DESC LIMIT ?
11:36:09:421 DEBUG 32736 --- [http-nio-8081-exec-5] c.h.item.mapper.ItemMapper.selectPage    : ==> Parameters: 1(Integer), 20(Long)
11:36:09:425 DEBUG 32736 --- [http-nio-8081-exec-5] c.h.item.mapper.ItemMapper.selectPage    : <==      Total: 20
11:36:31:903 DEBUG 49648 --- [http-nio-8083-exec-1] c.h.i.m.ItemMapper.selectPage_mpCount    : ==>  Preparing: SELECT COUNT(*) FROM item WHERE (status = ?)
11:36:31:904 DEBUG 49648 --- [http-nio-8083-exec-1] c.h.i.m.ItemMapper.selectPage_mpCount    : ==> Parameters: 1(Integer)
11:36:31:933 DEBUG 49648 --- [http-nio-8083-exec-1] c.h.i.m.ItemMapper.selectPage_mpCount    : <==      Total: 1
11:36:31:936 DEBUG 49648 --- [http-nio-8083-exec-1] c.h.item.mapper.ItemMapper.selectPage    : ==>  Preparing: SELECT id, name, price, stock, image, category, brand, spec, sold, comment_count, isAD, status, create_time, update_time, creater, updater FROM item WHERE (status = ?) ORDER BY update_time DESC LIMIT ?
11:36:31:936 DEBUG 49648 --- [http-nio-8083-exec-1] c.h.item.mapper.ItemMapper.selectPage    : ==> Parameters: 1(Integer), 20(Long)
11:36:31:942 DEBUG 49648 --- [http-nio-8083-exec-1] c.h.item.mapper.ItemMapper.selectPage    : <==      Total: 20
11:36:44:257 DEBUG 32736 --- [http-nio-8081-exec-2] c.h.i.m.ItemMapper.selectPage_mpCount    : ==>  Preparing: SELECT COUNT(*) FROM item WHERE (status = ?)
11:36:44:258 DEBUG 32736 --- [http-nio-8081-exec-2] c.h.i.m.ItemMapper.selectPage_mpCount    : ==> Parameters: 1(Integer)
11:36:44:286 DEBUG 32736 --- [http-nio-8081-exec-2] c.h.i.m.ItemMapper.selectPage_mpCount    : <==      Total: 1
11:36:44:288 DEBUG 32736 --- [http-nio-8081-exec-2] c.h.item.mapper.ItemMapper.selectPage    : ==>  Preparing: SELECT id, name, price, stock, image, category, brand, spec, sold, comment_count, isAD, status, create_time, update_time, creater, updater FROM item WHERE (status = ?) ORDER BY update_time DESC LIMIT ?
11:36:44:288 DEBUG 32736 --- [http-nio-8081-exec-2] c.h.item.mapper.ItemMapper.selectPage    : ==> Parameters: 1(Integer), 20(Long)
11:36:44:292 DEBUG 32736 --- [http-nio-8081-exec-2] c.h.item.mapper.ItemMapper.selectPage    : <==      Total: 20
11:36:44:820 DEBUG 49648 --- [http-nio-8083-exec-4] c.h.i.m.ItemMapper.selectPage_mpCount    : ==>  Preparing: SELECT COUNT(*) FROM item WHERE (status = ?)
11:36:44:821 DEBUG 49648 --- [http-nio-8083-exec-4] c.h.i.m.ItemMapper.selectPage_mpCount    : ==> Parameters: 1(Integer)
11:36:44:846 DEBUG 49648 --- [http-nio-8083-exec-4] c.h.i.m.ItemMapper.selectPage_mpCount    : <==      Total: 1
11:36:44:848 DEBUG 49648 --- [http-nio-8083-exec-4] c.h.item.mapper.ItemMapper.selectPage    : ==>  Preparing: SELECT id, name, price, stock, image, category, brand, spec, sold, comment_count, isAD, status, create_time, update_time, creater, updater FROM item WHERE (status = ?) ORDER BY update_time DESC LIMIT ?
11:36:44:848 DEBUG 49648 --- [http-nio-8083-exec-4] c.h.item.mapper.ItemMapper.selectPage    : ==> Parameters: 1(Integer), 20(Long)
11:36:44:861 DEBUG 49648 --- [http-nio-8083-exec-4] c.h.item.mapper.ItemMapper.selectPage    : <==      Total: 20
11:36:45:039 DEBUG 32736 --- [http-nio-8081-exec-4] c.h.i.m.ItemMapper.selectPage_mpCount    : ==>  Preparing: SELECT COUNT(*) FROM item WHERE (status = ?)
11:36:45:040 DEBUG 32736 --- [http-nio-8081-exec-4] c.h.i.m.ItemMapper.selectPage_mpCount    : ==> Parameters: 1(Integer)
11:36:45:059 DEBUG 32736 --- [http-nio-8081-exec-4] c.h.i.m.ItemMapper.selectPage_mpCount    : <==      Total: 1
11:36:45:060 DEBUG 32736 --- [http-nio-8081-exec-4] c.h.item.mapper.ItemMapper.selectPage    : ==>  Preparing: SELECT id, name, price, stock, image, category, brand, spec, sold, comment_count, isAD, status, create_time, update_time, creater, updater FROM item WHERE (status = ?) ORDER BY update_time DESC LIMIT ?
11:36:45:061 DEBUG 32736 --- [http-nio-8081-exec-4] c.h.item.mapper.ItemMapper.selectPage    : ==> Parameters: 1(Integer), 20(Long)
11:36:45:065 DEBUG 32736 --- [http-nio-8081-exec-4] c.h.item.mapper.ItemMapper.selectPage    : <==      Total: 20
11:37:00:354 DEBUG 49648 --- [http-nio-8083-exec-2] c.h.i.m.ItemMapper.selectPage_mpCount    : ==>  Preparing: SELECT COUNT(*) FROM item WHERE (status = ?)
11:37:00:355 DEBUG 49648 --- [http-nio-8083-exec-2] c.h.i.m.ItemMapper.selectPage_mpCount    : ==> Parameters: 1(Integer)
11:37:00:378 DEBUG 49648 --- [http-nio-8083-exec-2] c.h.i.m.ItemMapper.selectPage_mpCount    : <==      Total: 1
11:37:00:380 DEBUG 49648 --- [http-nio-8083-exec-2] c.h.item.mapper.ItemMapper.selectPage    : ==>  Preparing: SELECT id, name, price, stock, image, category, brand, spec, sold, comment_count, isAD, status, create_time, update_time, creater, updater FROM item WHERE (status = ?) ORDER BY update_time DESC LIMIT ?
11:37:00:380 DEBUG 49648 --- [http-nio-8083-exec-2] c.h.item.mapper.ItemMapper.selectPage    : ==> Parameters: 1(Integer), 20(Long)
11:37:00:389 DEBUG 49648 --- [http-nio-8083-exec-2] c.h.item.mapper.ItemMapper.selectPage    : <==      Total: 20
11:37:18:447 DEBUG 32736 --- [http-nio-8081-exec-3] c.h.i.m.ItemMapper.selectPage_mpCount    : ==>  Preparing: SELECT COUNT(*) FROM item WHERE (status = ?)
11:37:18:448 DEBUG 32736 --- [http-nio-8081-exec-3] c.h.i.m.ItemMapper.selectPage_mpCount    : ==> Parameters: 1(Integer)
11:37:18:476 DEBUG 32736 --- [http-nio-8081-exec-3] c.h.i.m.ItemMapper.selectPage_mpCount    : <==      Total: 1
11:37:18:477 DEBUG 32736 --- [http-nio-8081-exec-3] c.h.item.mapper.ItemMapper.selectPage    : ==>  Preparing: SELECT id, name, price, stock, image, category, brand, spec, sold, comment_count, isAD, status, create_time, update_time, creater, updater FROM item WHERE (status = ?) ORDER BY update_time DESC LIMIT ?
11:37:18:477 DEBUG 32736 --- [http-nio-8081-exec-3] c.h.item.mapper.ItemMapper.selectPage    : ==> Parameters: 1(Integer), 20(Long)
11:37:18:480 DEBUG 32736 --- [http-nio-8081-exec-3] c.h.item.mapper.ItemMapper.selectPage    : <==      Total: 20
11:53:01:173 DEBUG 49648 --- [http-nio-8083-exec-5] c.h.i.m.ItemMapper.selectPage_mpCount    : ==>  Preparing: SELECT COUNT(*) FROM item WHERE (status = ?)
11:53:01:174 DEBUG 49648 --- [http-nio-8083-exec-5] c.h.i.m.ItemMapper.selectPage_mpCount    : ==> Parameters: 1(Integer)
11:53:01:251 DEBUG 49648 --- [http-nio-8083-exec-5] c.h.i.m.ItemMapper.selectPage_mpCount    : <==      Total: 1
11:53:01:252 DEBUG 49648 --- [http-nio-8083-exec-5] c.h.item.mapper.ItemMapper.selectPage    : ==>  Preparing: SELECT id, name, price, stock, image, category, brand, spec, sold, comment_count, isAD, status, create_time, update_time, creater, updater FROM item WHERE (status = ?) ORDER BY update_time DESC LIMIT ?
11:53:01:252 DEBUG 49648 --- [http-nio-8083-exec-5] c.h.item.mapper.ItemMapper.selectPage    : ==> Parameters: 1(Integer), 20(Long)
11:53:01:391 DEBUG 49648 --- [http-nio-8083-exec-5] c.h.item.mapper.ItemMapper.selectPage    : <==      Total: 20
11:56:20:505  WARN 49648 --- [Thread-7] c.a.n.common.http.HttpClientBeanHolder   : [HttpClientBeanHolder] Start destroying common HttpClient
11:56:20:505  WARN 49648 --- [Thread-4] c.a.nacos.common.notify.NotifyCenter     : [NotifyCenter] Start destroying Publisher
11:56:20:506  WARN 49648 --- [Thread-4] c.a.nacos.common.notify.NotifyCenter     : [NotifyCenter] Destruction of the end
11:56:20:506  WARN 49648 --- [Thread-7] c.a.n.common.http.HttpClientBeanHolder   : [HttpClientBeanHolder] Destruction of the end
11:56:21:168  INFO 49648 --- [SpringApplicationShutdownHook] c.a.c.n.registry.NacosServiceRegistry    : De-registering from Nacos Server now...
11:56:21:174  INFO 49648 --- [SpringApplicationShutdownHook] c.a.c.n.registry.NacosServiceRegistry    : De-registration finished.
11:56:21:511  INFO 49648 --- [SpringApplicationShutdownHook] com.alibaba.nacos.common.remote.client   : Shutdown rpc client, set status to shutdown
11:56:21:511  INFO 49648 --- [SpringApplicationShutdownHook] com.alibaba.nacos.common.remote.client   : Shutdown client event executor java.util.concurrent.ScheduledThreadPoolExecutor@488e1dfb[Running, pool size = 2, active threads = 2, queued tasks = 0, completed tasks = 0]
11:56:21:511  INFO 49648 --- [SpringApplicationShutdownHook] com.alibaba.nacos.common.remote.client   : Close current connection 1746848153842_192.168.154.1_57607
11:56:21:536  INFO 49648 --- [SpringApplicationShutdownHook] c.a.n.c.remote.client.grpc.GrpcClient    : Shutdown grpc executor java.util.concurrent.ThreadPoolExecutor@36184b24[Running, pool size = 4, active threads = 0, queued tasks = 0, completed tasks = 293]
11:56:21:541  INFO 49648 --- [SpringApplicationShutdownHook] com.zaxxer.hikari.HikariDataSource       : HikariPool-1 - Shutdown initiated...
11:56:21:550  INFO 49648 --- [SpringApplicationShutdownHook] com.zaxxer.hikari.HikariDataSource       : HikariPool-1 - Shutdown completed.
11:56:21:841  INFO 32736 --- [nacos-grpc-client-executor-287] com.alibaba.nacos.common.remote.client   : [3fd6aeb5-182d-4297-859b-5db402ba4737] Receive server push request, request = NotifySubscriberRequest, requestId = 24
11:56:21:844  INFO 32736 --- [nacos-grpc-client-executor-287] com.alibaba.nacos.common.remote.client   : [3fd6aeb5-182d-4297-859b-5db402ba4737] Ack server push request, request = NotifySubscriberRequest, requestId = 24
11:56:26:576  INFO 51184 --- [main] com.hmall.item.ItemApplication           : Starting ItemApplication using Java 11 on ASUS2023 with PID 51184 (D:\computer technology\code\Project-me\hm-mall project\hmall\items-service\target\classes started by ChenYangkun in D:\computer technology\code\Project-me\hm-mall project\hmall)
11:56:26:577 DEBUG 51184 --- [main] com.hmall.item.ItemApplication           : Running with Spring Boot v2.7.12, Spring v5.3.27
11:56:26:578  INFO 51184 --- [main] com.hmall.item.ItemApplication           : The following 1 profile is active: "local"
11:56:27:324  INFO 51184 --- [main] o.s.cloud.context.scope.GenericScope     : BeanFactory id=c3685fdd-79e8-38b9-982e-230f3b9d66ba
11:56:27:577  INFO 51184 --- [main] o.s.b.w.embedded.tomcat.TomcatWebServer  : Tomcat initialized with port(s): 8083 (http)
11:56:27:586  INFO 51184 --- [main] o.apache.catalina.core.StandardService   : Starting service [Tomcat]
11:56:27:587  INFO 51184 --- [main] org.apache.catalina.core.StandardEngine  : Starting Servlet engine: [Apache Tomcat/9.0.75]
11:56:27:696  INFO 51184 --- [main] o.a.c.c.C.[Tomcat].[localhost].[/]       : Initializing Spring embedded WebApplicationContext
11:56:27:697  INFO 51184 --- [main] w.s.c.ServletWebServerApplicationContext : Root WebApplicationContext: initialization completed in 1085 ms
11:56:30:942  INFO 51184 --- [main] pertySourcedRequestMappingHandlerMapping : Mapped URL path [/v2/api-docs] onto method [springfox.documentation.swagger2.web.Swagger2ControllerWebMvc#getDocumentation(String, HttpServletRequest)]
11:56:31:840  INFO 51184 --- [main] com.alibaba.nacos.common.remote.client   : [RpcClientFactory] create a new rpc client of f02588ea-73fd-4cd8-9c5e-383d2aba8d44
11:56:31:868  INFO 51184 --- [main] org.reflections.Reflections              : Reflections took 15 ms to scan 1 urls, producing 3 keys and 6 values 
11:56:31:886  INFO 51184 --- [main] org.reflections.Reflections              : Reflections took 7 ms to scan 1 urls, producing 4 keys and 9 values 
11:56:31:892  INFO 51184 --- [main] org.reflections.Reflections              : Reflections took 4 ms to scan 1 urls, producing 3 keys and 10 values 
11:56:31:896  WARN 51184 --- [main] org.reflections.Reflections              : given scan urls are empty. set urls in the configuration
11:56:31:903  INFO 51184 --- [main] org.reflections.Reflections              : Reflections took 4 ms to scan 1 urls, producing 1 keys and 5 values 
11:56:31:912  INFO 51184 --- [main] org.reflections.Reflections              : Reflections took 7 ms to scan 1 urls, producing 1 keys and 7 values 
11:56:31:922  INFO 51184 --- [main] org.reflections.Reflections              : Reflections took 6 ms to scan 1 urls, producing 2 keys and 8 values 
11:56:31:923  WARN 51184 --- [main] org.reflections.Reflections              : given scan urls are empty. set urls in the configuration
11:56:31:924  INFO 51184 --- [main] com.alibaba.nacos.common.remote.client   : [f02588ea-73fd-4cd8-9c5e-383d2aba8d44] RpcClient init label, labels = {module=naming, source=sdk}
11:56:31:925  INFO 51184 --- [main] com.alibaba.nacos.common.remote.client   : [f02588ea-73fd-4cd8-9c5e-383d2aba8d44] RpcClient init, ServerListFactory = com.alibaba.nacos.client.naming.core.ServerListManager
11:56:31:926  INFO 51184 --- [main] com.alibaba.nacos.common.remote.client   : [f02588ea-73fd-4cd8-9c5e-383d2aba8d44] Registry connection listener to current client:com.alibaba.nacos.client.naming.remote.gprc.redo.NamingGrpcRedoService
11:56:31:926  INFO 51184 --- [main] com.alibaba.nacos.common.remote.client   : [f02588ea-73fd-4cd8-9c5e-383d2aba8d44] Register server push request handler:com.alibaba.nacos.client.naming.remote.gprc.NamingPushRequestHandler
11:56:31:927  INFO 51184 --- [main] com.alibaba.nacos.common.remote.client   : [f02588ea-73fd-4cd8-9c5e-383d2aba8d44] Try to connect to server on start up, server: {serverIp = '192.168.154.129', server main port = 8848}
11:56:34:582  INFO 51184 --- [main] com.alibaba.nacos.common.remote.client   : [f02588ea-73fd-4cd8-9c5e-383d2aba8d44] Success to connect to server [192.168.154.129:8848] on start up, connectionId = 1746849395658_192.168.154.1_49339
11:56:34:582  INFO 51184 --- [com.alibaba.nacos.client.remote.worker] com.alibaba.nacos.common.remote.client   : [f02588ea-73fd-4cd8-9c5e-383d2aba8d44] Notify connected event to listeners.
11:56:34:583  INFO 51184 --- [main] com.alibaba.nacos.common.remote.client   : [f02588ea-73fd-4cd8-9c5e-383d2aba8d44] Register server push request handler:com.alibaba.nacos.common.remote.client.RpcClient$ConnectResetRequestHandler
11:56:34:584  INFO 51184 --- [main] com.alibaba.nacos.common.remote.client   : [f02588ea-73fd-4cd8-9c5e-383d2aba8d44] Register server push request handler:com.alibaba.nacos.common.remote.client.RpcClient$$Lambda$899/0x0000000800682040
11:56:34:631  INFO 51184 --- [main] o.s.b.w.embedded.tomcat.TomcatWebServer  : Tomcat started on port(s): 8083 (http) with context path ''
11:56:34:641  INFO 51184 --- [main] c.a.c.n.registry.NacosServiceRegistry    : nacos registry, DEFAULT_GROUP item-service 172.20.10.3:8083 register finished
11:56:35:140  INFO 32736 --- [nacos-grpc-client-executor-290] com.alibaba.nacos.common.remote.client   : [3fd6aeb5-182d-4297-859b-5db402ba4737] Receive server push request, request = NotifySubscriberRequest, requestId = 27
11:56:35:142  INFO 32736 --- [nacos-grpc-client-executor-290] com.alibaba.nacos.common.remote.client   : [3fd6aeb5-182d-4297-859b-5db402ba4737] Ack server push request, request = NotifySubscriberRequest, requestId = 27
11:56:35:151  INFO 51184 --- [nacos-grpc-client-executor-9] com.alibaba.nacos.common.remote.client   : [f02588ea-73fd-4cd8-9c5e-383d2aba8d44] Receive server push request, request = NotifySubscriberRequest, requestId = 26
11:56:35:153  INFO 51184 --- [nacos-grpc-client-executor-9] com.alibaba.nacos.common.remote.client   : [f02588ea-73fd-4cd8-9c5e-383d2aba8d44] Ack server push request, request = NotifySubscriberRequest, requestId = 26
11:56:35:258  INFO 51184 --- [main] d.s.w.p.DocumentationPluginsBootstrapper : Documentation plugins bootstrapped
11:56:35:260  INFO 51184 --- [main] d.s.w.p.DocumentationPluginsBootstrapper : Found 1 custom documentation plugin(s)
11:56:35:288  INFO 51184 --- [main] s.d.s.w.s.ApiListingReferenceScanner     : Scanning for api listing references
11:56:35:381  INFO 51184 --- [main] com.hmall.item.ItemApplication           : Started ItemApplication in 9.821 seconds (JVM running for 10.76)
12:02:17:567 DEBUG 32736 --- [http-nio-8081-exec-7] c.h.i.m.ItemMapper.selectPage_mpCount    : ==>  Preparing: SELECT COUNT(*) FROM item WHERE (status = ?)
12:02:17:568 DEBUG 32736 --- [http-nio-8081-exec-7] c.h.i.m.ItemMapper.selectPage_mpCount    : ==> Parameters: 1(Integer)
12:02:17:621 DEBUG 32736 --- [http-nio-8081-exec-7] c.h.i.m.ItemMapper.selectPage_mpCount    : <==      Total: 1
12:02:17:623 DEBUG 32736 --- [http-nio-8081-exec-7] c.h.item.mapper.ItemMapper.selectPage    : ==>  Preparing: SELECT id, name, price, stock, image, category, brand, spec, sold, comment_count, isAD, status, create_time, update_time, creater, updater FROM item WHERE (status = ?) ORDER BY update_time DESC LIMIT ?
12:02:17:624 DEBUG 32736 --- [http-nio-8081-exec-7] c.h.item.mapper.ItemMapper.selectPage    : ==> Parameters: 1(Integer), 20(Long)
12:02:17:698 DEBUG 32736 --- [http-nio-8081-exec-7] c.h.item.mapper.ItemMapper.selectPage    : <==      Total: 20
12:03:36:180  INFO 51184 --- [http-nio-8083-exec-1] o.a.c.c.C.[Tomcat].[localhost].[/]       : Initializing Spring DispatcherServlet 'dispatcherServlet'
12:03:36:183  INFO 51184 --- [http-nio-8083-exec-1] o.s.web.servlet.DispatcherServlet        : Initializing Servlet 'dispatcherServlet'
12:03:36:201  INFO 51184 --- [http-nio-8083-exec-1] o.s.web.servlet.DispatcherServlet        : Completed initialization in 18 ms
12:03:36:393  INFO 51184 --- [http-nio-8083-exec-1] com.zaxxer.hikari.HikariDataSource       : HikariPool-1 - Starting...
12:03:36:681  INFO 51184 --- [http-nio-8083-exec-1] com.zaxxer.hikari.HikariDataSource       : HikariPool-1 - Start completed.
12:03:36:687 DEBUG 51184 --- [http-nio-8083-exec-1] c.h.i.m.ItemMapper.selectPage_mpCount    : ==>  Preparing: SELECT COUNT(*) FROM item WHERE (status = ?)
12:03:36:703 DEBUG 51184 --- [http-nio-8083-exec-1] c.h.i.m.ItemMapper.selectPage_mpCount    : ==> Parameters: 1(Integer)
12:03:36:756 DEBUG 51184 --- [http-nio-8083-exec-1] c.h.i.m.ItemMapper.selectPage_mpCount    : <==      Total: 1
12:03:36:765 DEBUG 51184 --- [http-nio-8083-exec-1] c.h.item.mapper.ItemMapper.selectPage    : ==>  Preparing: SELECT id, name, price, stock, image, category, brand, spec, sold, comment_count, isAD, status, create_time, update_time, creater, updater FROM item WHERE (status = ?) ORDER BY update_time DESC LIMIT ?
12:03:36:765 DEBUG 51184 --- [http-nio-8083-exec-1] c.h.item.mapper.ItemMapper.selectPage    : ==> Parameters: 1(Integer), 20(Long)
12:03:36:777 DEBUG 51184 --- [http-nio-8083-exec-1] c.h.item.mapper.ItemMapper.selectPage    : <==      Total: 20
12:05:42:183 DEBUG 32736 --- [http-nio-8081-exec-9] c.h.i.m.ItemMapper.selectPage_mpCount    : ==>  Preparing: SELECT COUNT(*) FROM item WHERE (status = ?)
12:05:42:184 DEBUG 32736 --- [http-nio-8081-exec-9] c.h.i.m.ItemMapper.selectPage_mpCount    : ==> Parameters: 1(Integer)
12:05:42:239 DEBUG 32736 --- [http-nio-8081-exec-9] c.h.i.m.ItemMapper.selectPage_mpCount    : <==      Total: 1
12:05:42:241 DEBUG 32736 --- [http-nio-8081-exec-9] c.h.item.mapper.ItemMapper.selectPage    : ==>  Preparing: SELECT id, name, price, stock, image, category, brand, spec, sold, comment_count, isAD, status, create_time, update_time, creater, updater FROM item WHERE (status = ?) ORDER BY update_time DESC LIMIT ?
12:05:42:241 DEBUG 32736 --- [http-nio-8081-exec-9] c.h.item.mapper.ItemMapper.selectPage    : ==> Parameters: 1(Integer), 20(Long)
12:05:42:246 DEBUG 32736 --- [http-nio-8081-exec-9] c.h.item.mapper.ItemMapper.selectPage    : <==      Total: 20
12:05:43:410 DEBUG 51184 --- [http-nio-8083-exec-6] c.h.i.m.ItemMapper.selectPage_mpCount    : ==>  Preparing: SELECT COUNT(*) FROM item WHERE (status = ?)
12:05:43:411 DEBUG 51184 --- [http-nio-8083-exec-6] c.h.i.m.ItemMapper.selectPage_mpCount    : ==> Parameters: 1(Integer)
12:05:43:442 DEBUG 51184 --- [http-nio-8083-exec-6] c.h.i.m.ItemMapper.selectPage_mpCount    : <==      Total: 1
12:05:43:445 DEBUG 51184 --- [http-nio-8083-exec-6] c.h.item.mapper.ItemMapper.selectPage    : ==>  Preparing: SELECT id, name, price, stock, image, category, brand, spec, sold, comment_count, isAD, status, create_time, update_time, creater, updater FROM item WHERE (status = ?) ORDER BY update_time DESC LIMIT ?
12:05:43:445 DEBUG 51184 --- [http-nio-8083-exec-6] c.h.item.mapper.ItemMapper.selectPage    : ==> Parameters: 1(Integer), 20(Long)
12:05:43:450 DEBUG 51184 --- [http-nio-8083-exec-6] c.h.item.mapper.ItemMapper.selectPage    : <==      Total: 20
12:05:51:010 DEBUG 32736 --- [http-nio-8081-exec-10] c.h.i.m.ItemMapper.selectPage_mpCount    : ==>  Preparing: SELECT COUNT(*) FROM item WHERE (status = ?)
12:05:51:010 DEBUG 32736 --- [http-nio-8081-exec-10] c.h.i.m.ItemMapper.selectPage_mpCount    : ==> Parameters: 1(Integer)
12:05:51:059 DEBUG 32736 --- [http-nio-8081-exec-10] c.h.i.m.ItemMapper.selectPage_mpCount    : <==      Total: 1
12:05:51:062 DEBUG 32736 --- [http-nio-8081-exec-10] c.h.item.mapper.ItemMapper.selectPage    : ==>  Preparing: SELECT id, name, price, stock, image, category, brand, spec, sold, comment_count, isAD, status, create_time, update_time, creater, updater FROM item WHERE (status = ?) ORDER BY update_time DESC LIMIT ?
12:05:51:064 DEBUG 32736 --- [http-nio-8081-exec-10] c.h.item.mapper.ItemMapper.selectPage    : ==> Parameters: 1(Integer), 20(Long)
12:05:51:074 DEBUG 32736 --- [http-nio-8081-exec-10] c.h.item.mapper.ItemMapper.selectPage    : <==      Total: 20
12:41:16:968  INFO 51184 --- [com.alibaba.nacos.client.remote.worker] com.alibaba.nacos.common.remote.client   : [f02588ea-73fd-4cd8-9c5e-383d2aba8d44] Server healthy check fail, currentConnection = 1746849395658_192.168.154.1_49339
12:41:16:969  INFO 51184 --- [com.alibaba.nacos.client.remote.worker] com.alibaba.nacos.common.remote.client   : [f02588ea-73fd-4cd8-9c5e-383d2aba8d44] Try to reconnect to a new server, server is  not appointed, will choose a random server.
12:41:18:715  INFO 51184 --- [com.alibaba.nacos.client.remote.worker] com.alibaba.nacos.common.remote.client   : [f02588ea-73fd-4cd8-9c5e-383d2aba8d44] Success to connect a server [192.168.154.129:8848], connectionId = 1746852079803_192.168.154.1_61094
12:41:18:716  INFO 51184 --- [com.alibaba.nacos.client.remote.worker] com.alibaba.nacos.common.remote.client   : [f02588ea-73fd-4cd8-9c5e-383d2aba8d44] Abandon prev connection, server is 192.168.154.129:8848, connectionId is 1746849395658_192.168.154.1_49339
12:41:18:716  INFO 51184 --- [com.alibaba.nacos.client.remote.worker] com.alibaba.nacos.common.remote.client   : Close current connection 1746849395658_192.168.154.1_49339
12:41:18:718  INFO 51184 --- [nacos-grpc-client-executor-606] c.a.n.c.remote.client.grpc.GrpcClient    : [1746849395658_192.168.154.1_49339]Ignore complete event,isRunning:false,isAbandon=true
12:41:18:722  INFO 51184 --- [com.alibaba.nacos.client.remote.worker] com.alibaba.nacos.common.remote.client   : [f02588ea-73fd-4cd8-9c5e-383d2aba8d44] Notify disconnected event to listeners
12:41:18:724  INFO 51184 --- [com.alibaba.nacos.client.remote.worker] com.alibaba.nacos.common.remote.client   : [f02588ea-73fd-4cd8-9c5e-383d2aba8d44] Notify connected event to listeners.
12:41:19:468  INFO 32736 --- [nacos-grpc-client-executor-878] com.alibaba.nacos.common.remote.client   : [3fd6aeb5-182d-4297-859b-5db402ba4737] Receive server push request, request = NotifySubscriberRequest, requestId = 34
12:41:19:473  INFO 32736 --- [nacos-grpc-client-executor-878] com.alibaba.nacos.common.remote.client   : [3fd6aeb5-182d-4297-859b-5db402ba4737] Ack server push request, request = NotifySubscriberRequest, requestId = 34
12:41:21:419  INFO 51184 --- [nacos-grpc-client-executor-610] com.alibaba.nacos.common.remote.client   : [f02588ea-73fd-4cd8-9c5e-383d2aba8d44] Receive server push request, request = NotifySubscriberRequest, requestId = 37
12:41:21:419  INFO 51184 --- [nacos-grpc-client-executor-610] com.alibaba.nacos.common.remote.client   : [f02588ea-73fd-4cd8-9c5e-383d2aba8d44] Ack server push request, request = NotifySubscriberRequest, requestId = 37
12:41:21:424  INFO 32736 --- [nacos-grpc-client-executor-879] com.alibaba.nacos.common.remote.client   : [3fd6aeb5-182d-4297-859b-5db402ba4737] Receive server push request, request = NotifySubscriberRequest, requestId = 38
12:41:21:426  INFO 32736 --- [nacos-grpc-client-executor-879] com.alibaba.nacos.common.remote.client   : [3fd6aeb5-182d-4297-859b-5db402ba4737] Ack server push request, request = NotifySubscriberRequest, requestId = 38
14:15:52:513  WARN 32736 --- [Thread-4] c.a.nacos.common.notify.NotifyCenter     : [NotifyCenter] Start destroying Publisher
14:15:52:513  WARN 32736 --- [Thread-7] c.a.n.common.http.HttpClientBeanHolder   : [HttpClientBeanHolder] Start destroying common HttpClient
14:15:52:513  WARN 32736 --- [Thread-4] c.a.nacos.common.notify.NotifyCenter     : [NotifyCenter] Destruction of the end
14:15:52:517  WARN 32736 --- [Thread-7] c.a.n.common.http.HttpClientBeanHolder   : [HttpClientBeanHolder] Destruction of the end
14:15:52:609  WARN 51184 --- [Thread-4] c.a.nacos.common.notify.NotifyCenter     : [NotifyCenter] Start destroying Publisher
14:15:52:609  WARN 51184 --- [Thread-7] c.a.n.common.http.HttpClientBeanHolder   : [HttpClientBeanHolder] Start destroying common HttpClient
14:15:52:610  WARN 51184 --- [Thread-4] c.a.nacos.common.notify.NotifyCenter     : [NotifyCenter] Destruction of the end
14:15:52:611  WARN 51184 --- [Thread-7] c.a.n.common.http.HttpClientBeanHolder   : [HttpClientBeanHolder] Destruction of the end
14:15:53:474  INFO 32736 --- [SpringApplicationShutdownHook] c.a.c.n.registry.NacosServiceRegistry    : De-registering from Nacos Server now...
14:15:53:480  INFO 32736 --- [SpringApplicationShutdownHook] c.a.c.n.registry.NacosServiceRegistry    : De-registration finished.
14:15:53:496  INFO 51184 --- [SpringApplicationShutdownHook] c.a.c.n.registry.NacosServiceRegistry    : De-registering from Nacos Server now...
14:15:53:506  INFO 51184 --- [SpringApplicationShutdownHook] c.a.c.n.registry.NacosServiceRegistry    : De-registration finished.
14:15:53:812  INFO 32736 --- [SpringApplicationShutdownHook] com.alibaba.nacos.common.remote.client   : Shutdown rpc client, set status to shutdown
14:15:53:812  INFO 32736 --- [SpringApplicationShutdownHook] com.alibaba.nacos.common.remote.client   : Shutdown client event executor java.util.concurrent.ScheduledThreadPoolExecutor@4880498d[Running, pool size = 2, active threads = 2, queued tasks = 0, completed tasks = 0]
14:15:53:812  INFO 32736 --- [SpringApplicationShutdownHook] com.alibaba.nacos.common.remote.client   : Close current connection 1746848158222_192.168.154.1_57738
14:15:53:819  INFO 32736 --- [nacos-grpc-client-executor-2076] c.a.n.c.remote.client.grpc.GrpcClient    : [1746848158222_192.168.154.1_57738]Ignore complete event,isRunning:false,isAbandon=false
14:15:53:822  INFO 32736 --- [SpringApplicationShutdownHook] c.a.n.c.remote.client.grpc.GrpcClient    : Shutdown grpc executor java.util.concurrent.ThreadPoolExecutor@73013192[Running, pool size = 5, active threads = 0, queued tasks = 0, completed tasks = 2077]
14:15:53:829  INFO 32736 --- [SpringApplicationShutdownHook] com.zaxxer.hikari.HikariDataSource       : HikariPool-1 - Shutdown initiated...
14:15:53:837  INFO 32736 --- [SpringApplicationShutdownHook] com.zaxxer.hikari.HikariDataSource       : HikariPool-1 - Shutdown completed.
14:15:53:841  INFO 51184 --- [SpringApplicationShutdownHook] com.alibaba.nacos.common.remote.client   : Shutdown rpc client, set status to shutdown
14:15:53:841  INFO 51184 --- [SpringApplicationShutdownHook] com.alibaba.nacos.common.remote.client   : Shutdown client event executor java.util.concurrent.ScheduledThreadPoolExecutor@7de20b51[Running, pool size = 2, active threads = 2, queued tasks = 0, completed tasks = 0]
14:15:53:841  INFO 51184 --- [SpringApplicationShutdownHook] com.alibaba.nacos.common.remote.client   : Close current connection 1746852079803_192.168.154.1_61094
14:15:53:843  INFO 51184 --- [SpringApplicationShutdownHook] c.a.n.c.remote.client.grpc.GrpcClient    : Shutdown grpc executor java.util.concurrent.ThreadPoolExecutor@27679e61[Running, pool size = 4, active threads = 0, queued tasks = 0, completed tasks = 1820]
14:15:53:848  INFO 51184 --- [SpringApplicationShutdownHook] com.zaxxer.hikari.HikariDataSource       : HikariPool-1 - Shutdown initiated...
14:15:53:862  INFO 51184 --- [SpringApplicationShutdownHook] com.zaxxer.hikari.HikariDataSource       : HikariPool-1 - Shutdown completed.
14:16:23:903  INFO 12772 --- [main] com.hmall.item.ItemApplication           : Starting ItemApplication using Java 11 on ASUS2023 with PID 12772 (D:\computer technology\code\Project-me\hm-mall project\hmall\items-service\target\classes started by ChenYangkun in D:\computer technology\code\Project-me\hm-mall project\hmall)
14:16:23:906 DEBUG 12772 --- [main] com.hmall.item.ItemApplication           : Running with Spring Boot v2.7.12, Spring v5.3.27
14:16:23:907  INFO 12772 --- [main] com.hmall.item.ItemApplication           : The following 1 profile is active: "local"
14:16:24:739  INFO 12772 --- [main] o.s.cloud.context.scope.GenericScope     : BeanFactory id=c3685fdd-79e8-38b9-982e-230f3b9d66ba
14:16:25:096  INFO 12772 --- [main] o.s.b.w.embedded.tomcat.TomcatWebServer  : Tomcat initialized with port(s): 8083 (http)
14:16:25:105  INFO 12772 --- [main] o.apache.catalina.core.StandardService   : Starting service [Tomcat]
14:16:25:106  INFO 12772 --- [main] org.apache.catalina.core.StandardEngine  : Starting Servlet engine: [Apache Tomcat/9.0.75]
14:16:25:249  INFO 12772 --- [main] o.a.c.c.C.[Tomcat].[localhost].[/]       : Initializing Spring embedded WebApplicationContext
14:16:25:250  INFO 12772 --- [main] w.s.c.ServletWebServerApplicationContext : Root WebApplicationContext: initialization completed in 1309 ms
14:16:30:781  INFO 31456 --- [main] com.hmall.item.ItemApplication           : Starting ItemApplication using Java 11 on ASUS2023 with PID 31456 (D:\computer technology\code\Project-me\hm-mall project\hmall\items-service\target\classes started by ChenYangkun in D:\computer technology\code\Project-me\hm-mall project\hmall)
14:16:30:784 DEBUG 31456 --- [main] com.hmall.item.ItemApplication           : Running with Spring Boot v2.7.12, Spring v5.3.27
14:16:30:784  INFO 31456 --- [main] com.hmall.item.ItemApplication           : The following 1 profile is active: "local"
14:16:31:580  INFO 31456 --- [main] o.s.cloud.context.scope.GenericScope     : BeanFactory id=c3685fdd-79e8-38b9-982e-230f3b9d66ba
14:16:31:819  INFO 31456 --- [main] o.s.b.w.embedded.tomcat.TomcatWebServer  : Tomcat initialized with port(s): 8081 (http)
14:16:31:826  INFO 31456 --- [main] o.apache.catalina.core.StandardService   : Starting service [Tomcat]
14:16:31:826  INFO 31456 --- [main] org.apache.catalina.core.StandardEngine  : Starting Servlet engine: [Apache Tomcat/9.0.75]
14:16:31:864  INFO 12772 --- [main] pertySourcedRequestMappingHandlerMapping : Mapped URL path [/v2/api-docs] onto method [springfox.documentation.swagger2.web.Swagger2ControllerWebMvc#getDocumentation(String, HttpServletRequest)]
14:16:31:925  INFO 31456 --- [main] o.a.c.c.C.[Tomcat].[localhost].[/]       : Initializing Spring embedded WebApplicationContext
14:16:31:926  INFO 31456 --- [main] w.s.c.ServletWebServerApplicationContext : Root WebApplicationContext: initialization completed in 1101 ms
14:16:32:961  INFO 12772 --- [main] com.alibaba.nacos.common.remote.client   : [RpcClientFactory] create a new rpc client of 907e679d-9a0b-4a0d-af96-bb9738d5f922
14:16:32:988  INFO 12772 --- [main] org.reflections.Reflections              : Reflections took 14 ms to scan 1 urls, producing 3 keys and 6 values 
14:16:33:004  INFO 12772 --- [main] org.reflections.Reflections              : Reflections took 6 ms to scan 1 urls, producing 4 keys and 9 values 
14:16:33:013  INFO 12772 --- [main] org.reflections.Reflections              : Reflections took 4 ms to scan 1 urls, producing 3 keys and 10 values 
14:16:33:015  WARN 12772 --- [main] org.reflections.Reflections              : given scan urls are empty. set urls in the configuration
14:16:33:020  INFO 12772 --- [main] org.reflections.Reflections              : Reflections took 4 ms to scan 1 urls, producing 1 keys and 5 values 
14:16:33:026  INFO 12772 --- [main] org.reflections.Reflections              : Reflections took 4 ms to scan 1 urls, producing 1 keys and 7 values 
14:16:33:032  INFO 12772 --- [main] org.reflections.Reflections              : Reflections took 4 ms to scan 1 urls, producing 2 keys and 8 values 
14:16:33:033  WARN 12772 --- [main] org.reflections.Reflections              : given scan urls are empty. set urls in the configuration
14:16:33:034  INFO 12772 --- [main] com.alibaba.nacos.common.remote.client   : [907e679d-9a0b-4a0d-af96-bb9738d5f922] RpcClient init label, labels = {module=naming, source=sdk}
14:16:33:035  INFO 12772 --- [main] com.alibaba.nacos.common.remote.client   : [907e679d-9a0b-4a0d-af96-bb9738d5f922] RpcClient init, ServerListFactory = com.alibaba.nacos.client.naming.core.ServerListManager
14:16:33:035  INFO 12772 --- [main] com.alibaba.nacos.common.remote.client   : [907e679d-9a0b-4a0d-af96-bb9738d5f922] Registry connection listener to current client:com.alibaba.nacos.client.naming.remote.gprc.redo.NamingGrpcRedoService
14:16:33:036  INFO 12772 --- [main] com.alibaba.nacos.common.remote.client   : [907e679d-9a0b-4a0d-af96-bb9738d5f922] Register server push request handler:com.alibaba.nacos.client.naming.remote.gprc.NamingPushRequestHandler
14:16:33:037  INFO 12772 --- [main] com.alibaba.nacos.common.remote.client   : [907e679d-9a0b-4a0d-af96-bb9738d5f922] Try to connect to server on start up, server: {serverIp = '192.168.154.129', server main port = 8848}
14:16:35:414  INFO 31456 --- [main] pertySourcedRequestMappingHandlerMapping : Mapped URL path [/v2/api-docs] onto method [springfox.documentation.swagger2.web.Swagger2ControllerWebMvc#getDocumentation(String, HttpServletRequest)]
14:16:35:460  INFO 12772 --- [main] com.alibaba.nacos.common.remote.client   : [907e679d-9a0b-4a0d-af96-bb9738d5f922] Success to connect to server [192.168.154.129:8848] on start up, connectionId = 1746857796548_192.168.154.1_49360
14:16:35:462  INFO 12772 --- [main] com.alibaba.nacos.common.remote.client   : [907e679d-9a0b-4a0d-af96-bb9738d5f922] Register server push request handler:com.alibaba.nacos.common.remote.client.RpcClient$ConnectResetRequestHandler
14:16:35:461  INFO 12772 --- [com.alibaba.nacos.client.remote.worker] com.alibaba.nacos.common.remote.client   : [907e679d-9a0b-4a0d-af96-bb9738d5f922] Notify connected event to listeners.
14:16:35:462  INFO 12772 --- [main] com.alibaba.nacos.common.remote.client   : [907e679d-9a0b-4a0d-af96-bb9738d5f922] Register server push request handler:com.alibaba.nacos.common.remote.client.RpcClient$$Lambda$900/0x0000000800682440
14:16:35:506  INFO 12772 --- [main] o.s.b.w.embedded.tomcat.TomcatWebServer  : Tomcat started on port(s): 8083 (http) with context path ''
14:16:35:521  INFO 12772 --- [main] c.a.c.n.registry.NacosServiceRegistry    : nacos registry, DEFAULT_GROUP item-service 10.15.33.14:8083 register finished
14:16:36:004  INFO 12772 --- [nacos-grpc-client-executor-9] com.alibaba.nacos.common.remote.client   : [907e679d-9a0b-4a0d-af96-bb9738d5f922] Receive server push request, request = NotifySubscriberRequest, requestId = 47
14:16:36:007  INFO 12772 --- [nacos-grpc-client-executor-9] com.alibaba.nacos.common.remote.client   : [907e679d-9a0b-4a0d-af96-bb9738d5f922] Ack server push request, request = NotifySubscriberRequest, requestId = 47
14:16:36:336  INFO 12772 --- [main] d.s.w.p.DocumentationPluginsBootstrapper : Documentation plugins bootstrapped
14:16:36:338  INFO 12772 --- [main] d.s.w.p.DocumentationPluginsBootstrapper : Found 1 custom documentation plugin(s)
14:16:36:363  INFO 12772 --- [main] s.d.s.w.s.ApiListingReferenceScanner     : Scanning for api listing references
14:16:36:371  INFO 31456 --- [main] com.alibaba.nacos.common.remote.client   : [RpcClientFactory] create a new rpc client of 3f325b1b-6851-466c-9b03-c0c0999a0a09
14:16:36:401  INFO 31456 --- [main] org.reflections.Reflections              : Reflections took 15 ms to scan 1 urls, producing 3 keys and 6 values 
14:16:36:417  INFO 31456 --- [main] org.reflections.Reflections              : Reflections took 6 ms to scan 1 urls, producing 4 keys and 9 values 
14:16:36:423  INFO 31456 --- [main] org.reflections.Reflections              : Reflections took 4 ms to scan 1 urls, producing 3 keys and 10 values 
14:16:36:425  WARN 31456 --- [main] org.reflections.Reflections              : given scan urls are empty. set urls in the configuration
14:16:36:430  INFO 31456 --- [main] org.reflections.Reflections              : Reflections took 4 ms to scan 1 urls, producing 1 keys and 5 values 
14:16:36:437  INFO 31456 --- [main] org.reflections.Reflections              : Reflections took 5 ms to scan 1 urls, producing 1 keys and 7 values 
14:16:36:443  INFO 31456 --- [main] org.reflections.Reflections              : Reflections took 4 ms to scan 1 urls, producing 2 keys and 8 values 
14:16:36:445  WARN 31456 --- [main] org.reflections.Reflections              : given scan urls are empty. set urls in the configuration
14:16:36:446  INFO 31456 --- [main] com.alibaba.nacos.common.remote.client   : [3f325b1b-6851-466c-9b03-c0c0999a0a09] RpcClient init label, labels = {module=naming, source=sdk}
14:16:36:447  INFO 31456 --- [main] com.alibaba.nacos.common.remote.client   : [3f325b1b-6851-466c-9b03-c0c0999a0a09] RpcClient init, ServerListFactory = com.alibaba.nacos.client.naming.core.ServerListManager
14:16:36:447  INFO 31456 --- [main] com.alibaba.nacos.common.remote.client   : [3f325b1b-6851-466c-9b03-c0c0999a0a09] Registry connection listener to current client:com.alibaba.nacos.client.naming.remote.gprc.redo.NamingGrpcRedoService
14:16:36:447  INFO 12772 --- [main] com.hmall.item.ItemApplication           : Started ItemApplication in 14.086 seconds (JVM running for 15.34)
14:16:36:447  INFO 31456 --- [main] com.alibaba.nacos.common.remote.client   : [3f325b1b-6851-466c-9b03-c0c0999a0a09] Register server push request handler:com.alibaba.nacos.client.naming.remote.gprc.NamingPushRequestHandler
14:16:36:448  INFO 31456 --- [main] com.alibaba.nacos.common.remote.client   : [3f325b1b-6851-466c-9b03-c0c0999a0a09] Try to connect to server on start up, server: {serverIp = '192.168.154.129', server main port = 8848}
14:16:38:293  INFO 31456 --- [main] com.alibaba.nacos.common.remote.client   : [3f325b1b-6851-466c-9b03-c0c0999a0a09] Success to connect to server [192.168.154.129:8848] on start up, connectionId = 1746857799380_192.168.154.1_49726
14:16:38:294  INFO 31456 --- [main] com.alibaba.nacos.common.remote.client   : [3f325b1b-6851-466c-9b03-c0c0999a0a09] Register server push request handler:com.alibaba.nacos.common.remote.client.RpcClient$ConnectResetRequestHandler
14:16:38:294  INFO 31456 --- [com.alibaba.nacos.client.remote.worker] com.alibaba.nacos.common.remote.client   : [3f325b1b-6851-466c-9b03-c0c0999a0a09] Notify connected event to listeners.
14:16:38:295  INFO 31456 --- [main] com.alibaba.nacos.common.remote.client   : [3f325b1b-6851-466c-9b03-c0c0999a0a09] Register server push request handler:com.alibaba.nacos.common.remote.client.RpcClient$$Lambda$899/0x0000000800682040
14:16:38:336  INFO 31456 --- [main] o.s.b.w.embedded.tomcat.TomcatWebServer  : Tomcat started on port(s): 8081 (http) with context path ''
14:16:38:344  INFO 31456 --- [main] c.a.c.n.registry.NacosServiceRegistry    : nacos registry, DEFAULT_GROUP item-service 10.15.33.14:8081 register finished
14:16:38:802  INFO 31456 --- [main] d.s.w.p.DocumentationPluginsBootstrapper : Documentation plugins bootstrapped
14:16:38:804  INFO 31456 --- [main] d.s.w.p.DocumentationPluginsBootstrapper : Found 1 custom documentation plugin(s)
14:16:38:821  INFO 31456 --- [main] s.d.s.w.s.ApiListingReferenceScanner     : Scanning for api listing references
14:16:38:908  INFO 31456 --- [main] com.hmall.item.ItemApplication           : Started ItemApplication in 10.007 seconds (JVM running for 12.837)
14:16:38:909  INFO 12772 --- [nacos-grpc-client-executor-11] com.alibaba.nacos.common.remote.client   : [907e679d-9a0b-4a0d-af96-bb9738d5f922] Receive server push request, request = NotifySubscriberRequest, requestId = 48
14:16:38:912  INFO 12772 --- [nacos-grpc-client-executor-11] com.alibaba.nacos.common.remote.client   : [907e679d-9a0b-4a0d-af96-bb9738d5f922] Ack server push request, request = NotifySubscriberRequest, requestId = 48
14:16:38:920  INFO 31456 --- [nacos-grpc-client-executor-8] com.alibaba.nacos.common.remote.client   : [3f325b1b-6851-466c-9b03-c0c0999a0a09] Receive server push request, request = NotifySubscriberRequest, requestId = 49
14:16:38:922  INFO 31456 --- [nacos-grpc-client-executor-8] com.alibaba.nacos.common.remote.client   : [3f325b1b-6851-466c-9b03-c0c0999a0a09] Ack server push request, request = NotifySubscriberRequest, requestId = 49
14:17:09:542  INFO 31456 --- [com.alibaba.nacos.client.remote.worker] com.alibaba.nacos.common.remote.client   : [3f325b1b-6851-466c-9b03-c0c0999a0a09] Server healthy check fail, currentConnection = 1746857799380_192.168.154.1_49726
14:17:09:543  INFO 31456 --- [com.alibaba.nacos.client.remote.worker] com.alibaba.nacos.common.remote.client   : [3f325b1b-6851-466c-9b03-c0c0999a0a09] Try to reconnect to a new server, server is  not appointed, will choose a random server.
14:17:11:679  INFO 31456 --- [com.alibaba.nacos.client.remote.worker] com.alibaba.nacos.common.remote.client   : [3f325b1b-6851-466c-9b03-c0c0999a0a09] Success to connect a server [192.168.154.129:8848], connectionId = 1746857832587_192.168.154.1_49945
14:17:11:679  INFO 31456 --- [com.alibaba.nacos.client.remote.worker] com.alibaba.nacos.common.remote.client   : [3f325b1b-6851-466c-9b03-c0c0999a0a09] Abandon prev connection, server is 192.168.154.129:8848, connectionId is 1746857799380_192.168.154.1_49726
14:17:11:679  INFO 31456 --- [com.alibaba.nacos.client.remote.worker] com.alibaba.nacos.common.remote.client   : Close current connection 1746857799380_192.168.154.1_49726
14:17:11:683  INFO 31456 --- [com.alibaba.nacos.client.remote.worker] com.alibaba.nacos.common.remote.client   : [3f325b1b-6851-466c-9b03-c0c0999a0a09] Notify disconnected event to listeners
14:17:11:685  INFO 31456 --- [com.alibaba.nacos.client.remote.worker] com.alibaba.nacos.common.remote.client   : [3f325b1b-6851-466c-9b03-c0c0999a0a09] Notify connected event to listeners.
14:17:11:686  WARN 31456 --- [nacos-grpc-client-executor-19] c.a.n.c.remote.client.grpc.GrpcClient    : [1746857799380_192.168.154.1_49726]Ignore error event,isRunning:true,isAbandon=true
14:17:12:821  INFO 12772 --- [nacos-grpc-client-executor-18] com.alibaba.nacos.common.remote.client   : [907e679d-9a0b-4a0d-af96-bb9738d5f922] Receive server push request, request = NotifySubscriberRequest, requestId = 54
14:17:12:823  INFO 12772 --- [nacos-grpc-client-executor-18] com.alibaba.nacos.common.remote.client   : [907e679d-9a0b-4a0d-af96-bb9738d5f922] Ack server push request, request = NotifySubscriberRequest, requestId = 54
14:17:12:823  INFO 31456 --- [nacos-grpc-client-executor-23] com.alibaba.nacos.common.remote.client   : [3f325b1b-6851-466c-9b03-c0c0999a0a09] Receive server push request, request = NotifySubscriberRequest, requestId = 55
14:17:12:823  INFO 31456 --- [nacos-grpc-client-executor-23] com.alibaba.nacos.common.remote.client   : [3f325b1b-6851-466c-9b03-c0c0999a0a09] Ack server push request, request = NotifySubscriberRequest, requestId = 55
